                            SUZUKI MOTOR GUJARAT PRIVATE LIMITED
--------------------------------------------------------------------------------------------
                            DATE:6/29/2024 4:36 PM
--------------------------------------------------------------------------------------------
VCODE    SLY DATE     TIME    ICODE            QTY  UN LOC   US LOC    KANBAN NO
--------------------------------------------------------------------------------------------
D290     01-JUL-2024  10:44  02162M0616E       4000   CA-14   AC3     01U467031358AC3
D290     01-JUL-2024  13:44  04211M13189       1000   PE-01   EP1     01U467126456EP1
D290     01-JUL-2024  13:45  04211M13189       1000   PE-07   EP3     01U467035035EP3
D290     01-JUL-2024  10:45  09103M10055       700    CA-06   AC3     01U467031366AC3
D290     01-JUL-2024  10:45  09103M10055       350    CA-06   AC1     01U467047491AC1
D290     01-JUL-2024  11:45  09103M10055       700    AA-04   AA3     01U467153143AA3
D290     01-JUL-2024  07:30  09119M08118       8000   BA-17   AB3     01U467194435AB3
D290     01-JUL-2024  10:44  09119M08118       6000   CA-15   AC3     01U467031374AC3
D290     01-JUL-2024  10:44  09119M08118       2000   CA-17   AC1     01U467047505AC1
D290     01-JUL-2024  11:45  09119M08118       7000   AA-17   AA3     01U467153151AA3
D290     01-JUL-2024  11:45  09159M10116       1500   AA-04   AA3     01U467153160AA3
D290     01-JUL-2024  10:44  09159M11007       3000   CA-02   AC3     01U467031382AC3
D290     01-JUL-2024  11:45  09159M11007       4000   AA-02   AA3     01U467153178AA3
D290     01-JUL-2024  12:45  11178M69L00       9000   PE-10   EP4     01U467094570EP4
D290     01-JUL-2024  13:45  11178M69L00       11000  PE-06   EP3     01U467035043EP3
D290     01-JUL-2024  13:45  11178M69L00       10000  PE-02   EP1     01U467126464EP1
D290     01-JUL-2024  08:30  11519M67L00       1000   PT-04   TP8     01U467078460TP8
D290     01-JUL-2024  09:44  11519M67L00       2000   PT-01   TP1     01U467028012TP1
D290     01-JUL-2024  09:45  11519M67L00       2000   PT-01   TP7     01U467053467TP7
D290     01-JUL-2024  12:45  11519M67L00       1000   PE-10   EP4     01U467094589EP4
D290     01-JUL-2024  13:44  11519M67L00       1000   PE-02   EP1     01U467126472EP1
D290     01-JUL-2024  13:45  11519M67L00       1000   PE-06   EP3     01U467035051EP3
D290     01-JUL-2024  07:30  41821M55R00       1800   BA-04   AB3     01U467194443AB3
D290     01-JUL-2024  10:44  41821M55R00       1500   CA-06   AC3     01U467031390AC3
D290     01-JUL-2024  10:44  41821M55R00       450    CA-06   AC1     01U467047513AC1
D290     01-JUL-2024  11:45  41821M55R00       1650   AA-04   AA3     01U467153186AA3
D290     01-JUL-2024  07:30  43413M68P00       7200   BA-20   AB3     01U467194451AB3
D290     01-JUL-2024  10:44  43413M68P00       6300   CA-21   AC3     01U467031404AC3
D290     01-JUL-2024  10:44  43413M68P00       1200   CA-21   AC1     01U467047521AC1
D290     01-JUL-2024  11:45  43413M68P00       6900   AA-21   AA3     01U467153194AA3
D290     01-JUL-2024  07:30  43458M68P00       5600   BA-05   AB3     01U467194460AB3
D290     01-JUL-2024  10:44  43458M68P00       4800   CA-07   AC3     01U467031412AC3
D290     01-JUL-2024  10:44  43458M68P00       1000   CA-07   AC1     01U467047530AC1
D290     01-JUL-2024  11:45  43458M68P00       5200   AA-05   AA3     01U467153208AA3
D290     01-JUL-2024  07:30  89199M68P00       3900   BA-04   AB3     01U467194478AB3
D290     01-JUL-2024  10:44  89199M68P00       3000   CA-21   AC3     01U467031420AC3
D290     01-JUL-2024  10:44  89199M68P00       600    CA-21   AC1     01U467047548AC1
D290     01-JUL-2024  11:45  89199M68P00       3600   AA-21   AA3     01U467153216AA3
