18-Jul-2024 11:29:48.010 INFO [main] org.apache.catalina.startup.VersionLoggerListener.log Server version name:   Apache Tomcat/10.1.9
18-Jul-2024 11:29:48.014 INFO [main] org.apache.catalina.startup.VersionLoggerListener.log Server built:          May 9 2023 14:30:05 UTC
18-Jul-2024 11:29:48.015 INFO [main] org.apache.catalina.startup.VersionLoggerListener.log Server version number: 10.1.9.0
18-Jul-2024 11:29:48.015 INFO [main] org.apache.catalina.startup.VersionLoggerListener.log OS Name:               Windows 10
18-Jul-2024 11:29:48.016 INFO [main] org.apache.catalina.startup.VersionLoggerListener.log OS Version:            10.0
18-Jul-2024 11:29:48.016 INFO [main] org.apache.catalina.startup.VersionLoggerListener.log Architecture:          amd64
18-Jul-2024 11:29:48.016 INFO [main] org.apache.catalina.startup.VersionLoggerListener.log Java Home:             C:\Program Files\Java\jdk-17
18-Jul-2024 11:29:48.016 INFO [main] org.apache.catalina.startup.VersionLoggerListener.log JVM Version:           17.0.9+11-LTS-201
18-Jul-2024 11:29:48.016 INFO [main] org.apache.catalina.startup.VersionLoggerListener.log JVM Vendor:            Oracle Corporation
18-Jul-2024 11:29:48.016 INFO [main] org.apache.catalina.startup.VersionLoggerListener.log CATALINA_BASE:         D:\LIVE PROJECTS\ITBIS\tbis_api_server\Tomcat_10.1
18-Jul-2024 11:29:48.017 INFO [main] org.apache.catalina.startup.VersionLoggerListener.log CATALINA_HOME:         D:\LIVE PROJECTS\ITBIS\tbis_api_server\Tomcat_10.1
18-Jul-2024 11:29:48.035 INFO [main] org.apache.catalina.startup.VersionLoggerListener.log Command line argument: -Djava.util.logging.config.file=D:\LIVE PROJECTS\ITBIS\tbis_api_server\Tomcat_10.1\conf\logging.properties
18-Jul-2024 11:29:48.035 INFO [main] org.apache.catalina.startup.VersionLoggerListener.log Command line argument: -Djava.util.logging.manager=org.apache.juli.ClassLoaderLogManager
18-Jul-2024 11:29:48.035 INFO [main] org.apache.catalina.startup.VersionLoggerListener.log Command line argument: -Djdk.tls.ephemeralDHKeySize=2048
18-Jul-2024 11:29:48.035 INFO [main] org.apache.catalina.startup.VersionLoggerListener.log Command line argument: -Djava.protocol.handler.pkgs=org.apache.catalina.webresources
18-Jul-2024 11:29:48.036 INFO [main] org.apache.catalina.startup.VersionLoggerListener.log Command line argument: --add-opens=java.base/java.lang=ALL-UNNAMED
18-Jul-2024 11:29:48.036 INFO [main] org.apache.catalina.startup.VersionLoggerListener.log Command line argument: --add-opens=java.base/java.io=ALL-UNNAMED
18-Jul-2024 11:29:48.036 INFO [main] org.apache.catalina.startup.VersionLoggerListener.log Command line argument: --add-opens=java.base/java.util=ALL-UNNAMED
18-Jul-2024 11:29:48.036 INFO [main] org.apache.catalina.startup.VersionLoggerListener.log Command line argument: --add-opens=java.base/java.util.concurrent=ALL-UNNAMED
18-Jul-2024 11:29:48.037 INFO [main] org.apache.catalina.startup.VersionLoggerListener.log Command line argument: --add-opens=java.rmi/sun.rmi.transport=ALL-UNNAMED
18-Jul-2024 11:29:48.037 INFO [main] org.apache.catalina.startup.VersionLoggerListener.log Command line argument: -Dcatalina.base=D:\LIVE PROJECTS\ITBIS\tbis_api_server\Tomcat_10.1
18-Jul-2024 11:29:48.037 INFO [main] org.apache.catalina.startup.VersionLoggerListener.log Command line argument: -Dcatalina.home=D:\LIVE PROJECTS\ITBIS\tbis_api_server\Tomcat_10.1
18-Jul-2024 11:29:48.037 INFO [main] org.apache.catalina.startup.VersionLoggerListener.log Command line argument: -Djava.io.tmpdir=D:\LIVE PROJECTS\ITBIS\tbis_api_server\Tomcat_10.1\temp
18-Jul-2024 11:29:48.067 INFO [main] org.apache.catalina.core.AprLifecycleListener.lifecycleEvent The Apache Tomcat Native library which allows using OpenSSL was not found on the java.library.path: [C:\Program Files\Java\jdk-17\bin;C:\Windows\Sun\Java\bin;C:\Windows\system32;C:\Windows;C:\Program Files\Common Files\Oracle\Java\javapath;C:\Python312\Scripts\;C:\Python312\;C:\Program Files\Microsoft\jdk-11.0.16.101-hotspot\bin;C:\Windows\System32\WindowsPowerShell\v1.0\;C:\Program Files\Python\Python37\Scripts\;C:\Program Files\Python\Python37\;C:\Users\ASUS\Scripts\;C:\Users\ASUS\;C:\Program Files\Microsoft MPI\Bin\;C:\Windows\system32;C:\Windows;C:\Windows\System32\Wbem;C:\Windows\System32\OpenSSH\;C:\Program Files\Microsoft SQL Server\130\Tools\Binn\;C:\Program Files\Microsoft SQL Server\Client SDK\ODBC\170\Tools\Binn\;C:\Program Files (x86)\Microsoft SQL Server\150\Tools\Binn\;C:\Program Files\Microsoft SQL Server\150\Tools\Binn\;C:\Program Files (x86)\Microsoft SQL Server\150\DTS\Binn\;C:\Program Files\Microsoft SQL Server\150\DTS\Binn\;C:\Users\ASUS\Lib\site-packages\pip;C:\Program Files\dotnet\;C:\Program Files\Git\cmd;C:\Program Files\gettext-iconv\bin;C:\Program Files\PuTTY\;C:\Program Files\Java\jdk-17\bin;C:\Program Files\GTK3-Runtime Win64\bin;C:\ProgramData\chocolatey\bin;C:\Users\ASUS\AppData\Roaming\nvm;C:\Program Files\nodejs;C:\Program Files\apache-maven-3.8.8-bin\apache-maven-3.8.8\bin;C:\Program Files\MySQL\MySQL Server 8.0\bin;C:\Program Files\MySQL\MySQL Shell 8.0\bin\;C:\Users\ASUS\AppData\Local\Microsoft\WindowsApps;C:\Program Files\Azure Data Studio\bin;C:\Users\ASUS\AppData\Local\Programs\Microsoft VS Code\bin;C:\Program Files\JetBrains\PyCharm Community Edition 2021.2.3\bin;;D:\CHAKRAS\Drivers\flutter\bin;C:\Users\ASUS\AppData\Local\GitHubDesktop\bin;C:\Program Files\wkhtmltopdf\bin\wkhtmltopdf.exe;C:\ProgramData\ASUS\GitHubDesktop\bin;C:\Users\ASUS\AppData\Roaming\npm;C:\Program Files\JetBrains\DataGrip 2023.2.3\bin;;C:\Users\ASUS\AppData\Roaming\nvm;C:\Program Files\nodejs;C:\src\flutter\bin;;.]
18-Jul-2024 11:29:48.286 INFO [main] org.apache.coyote.AbstractProtocol.init Initializing ProtocolHandler ["http-nio-8282"]
18-Jul-2024 11:29:48.312 INFO [main] org.apache.catalina.startup.Catalina.load Server initialization in [509] milliseconds
18-Jul-2024 11:29:48.350 INFO [main] org.apache.catalina.core.StandardService.startInternal Starting service [Catalina]
18-Jul-2024 11:29:48.350 INFO [main] org.apache.catalina.core.StandardEngine.startInternal Starting Servlet engine: [Apache Tomcat/10.1.9]
18-Jul-2024 11:29:48.378 INFO [main] org.apache.catalina.startup.HostConfig.deployDescriptor Deploying deployment descriptor [D:\LIVE PROJECTS\ITBIS\tbis_api_server\Tomcat_10.1\conf\Catalina\localhost\tbis.xml]
18-Jul-2024 11:29:48.392 WARNING [main] org.apache.catalina.startup.HostConfig.deployDescriptor The path attribute with value [/tbis] in deployment descriptor [D:\LIVE PROJECTS\ITBIS\tbis_api_server\Tomcat_10.1\conf\Catalina\localhost\tbis.xml] has been ignored
18-Jul-2024 11:29:53.208 INFO [main] org.apache.jasper.servlet.TldScanner.scanJars At least one JAR was scanned for TLDs yet contained no TLDs. Enable debug logging for this logger for a complete list of JARs that were scanned but no TLDs were found in them. Skipping unneeded JARs during scanning can improve startup time and JSP compilation time.
18-Jul-2024 11:29:54.887 INFO [main] org.apache.catalina.startup.HostConfig.deployDescriptor Deployment of deployment descriptor [D:\LIVE PROJECTS\ITBIS\tbis_api_server\Tomcat_10.1\conf\Catalina\localhost\tbis.xml] has finished in [6,510] ms
18-Jul-2024 11:29:54.888 INFO [main] org.apache.catalina.startup.HostConfig.deployDirectory Deploying web application directory [D:\LIVE PROJECTS\ITBIS\tbis_api_server\Tomcat_10.1\webapps\docs]
18-Jul-2024 11:29:55.134 INFO [main] org.apache.jasper.servlet.TldScanner.scanJars At least one JAR was scanned for TLDs yet contained no TLDs. Enable debug logging for this logger for a complete list of JARs that were scanned but no TLDs were found in them. Skipping unneeded JARs during scanning can improve startup time and JSP compilation time.
18-Jul-2024 11:29:55.136 INFO [main] org.apache.catalina.startup.HostConfig.deployDirectory Deployment of web application directory [D:\LIVE PROJECTS\ITBIS\tbis_api_server\Tomcat_10.1\webapps\docs] has finished in [248] ms
18-Jul-2024 11:29:55.137 INFO [main] org.apache.catalina.startup.HostConfig.deployDirectory Deploying web application directory [D:\LIVE PROJECTS\ITBIS\tbis_api_server\Tomcat_10.1\webapps\manager]
18-Jul-2024 11:29:55.391 INFO [main] org.apache.jasper.servlet.TldScanner.scanJars At least one JAR was scanned for TLDs yet contained no TLDs. Enable debug logging for this logger for a complete list of JARs that were scanned but no TLDs were found in them. Skipping unneeded JARs during scanning can improve startup time and JSP compilation time.
18-Jul-2024 11:29:55.397 INFO [main] org.apache.catalina.startup.HostConfig.deployDirectory Deployment of web application directory [D:\LIVE PROJECTS\ITBIS\tbis_api_server\Tomcat_10.1\webapps\manager] has finished in [260] ms
18-Jul-2024 11:29:55.397 INFO [main] org.apache.catalina.startup.HostConfig.deployDirectory Deploying web application directory [D:\LIVE PROJECTS\ITBIS\tbis_api_server\Tomcat_10.1\webapps\ROOT]
18-Jul-2024 11:29:55.620 INFO [main] org.apache.jasper.servlet.TldScanner.scanJars At least one JAR was scanned for TLDs yet contained no TLDs. Enable debug logging for this logger for a complete list of JARs that were scanned but no TLDs were found in them. Skipping unneeded JARs during scanning can improve startup time and JSP compilation time.
18-Jul-2024 11:29:55.622 INFO [main] org.apache.catalina.startup.HostConfig.deployDirectory Deployment of web application directory [D:\LIVE PROJECTS\ITBIS\tbis_api_server\Tomcat_10.1\webapps\ROOT] has finished in [225] ms
18-Jul-2024 11:29:55.622 INFO [main] org.apache.catalina.startup.HostConfig.deployDirectory Deploying web application directory [D:\LIVE PROJECTS\ITBIS\tbis_api_server\Tomcat_10.1\webapps\tbisapp]
18-Jul-2024 11:29:55.822 INFO [main] org.apache.jasper.servlet.TldScanner.scanJars At least one JAR was scanned for TLDs yet contained no TLDs. Enable debug logging for this logger for a complete list of JARs that were scanned but no TLDs were found in them. Skipping unneeded JARs during scanning can improve startup time and JSP compilation time.
18-Jul-2024 11:29:55.824 INFO [main] org.apache.catalina.startup.HostConfig.deployDirectory Deployment of web application directory [D:\LIVE PROJECTS\ITBIS\tbis_api_server\Tomcat_10.1\webapps\tbisapp] has finished in [202] ms
18-Jul-2024 11:29:55.827 INFO [main] org.apache.coyote.AbstractProtocol.start Starting ProtocolHandler ["http-nio-8282"]
18-Jul-2024 11:29:55.849 INFO [main] org.apache.catalina.startup.Catalina.start Server startup in [7537] milliseconds
18-Jul-2024 11:52:07.768 SEVERE [main] org.apache.catalina.startup.Catalina.stopServer No shutdown port configured. Shut down server through OS signal. Server not shut down.
18-Jul-2024 11:52:12.527 SEVERE [main] org.apache.catalina.startup.Catalina.stopServer No shutdown port configured. Shut down server through OS signal. Server not shut down.
18-Jul-2024 11:52:14.235 INFO [main] org.apache.catalina.startup.VersionLoggerListener.log Server version name:   Apache Tomcat/10.1.9
18-Jul-2024 11:52:14.239 INFO [main] org.apache.catalina.startup.VersionLoggerListener.log Server built:          May 9 2023 14:30:05 UTC
18-Jul-2024 11:52:14.240 INFO [main] org.apache.catalina.startup.VersionLoggerListener.log Server version number: 10.1.9.0
18-Jul-2024 11:52:14.240 INFO [main] org.apache.catalina.startup.VersionLoggerListener.log OS Name:               Windows 10
18-Jul-2024 11:52:14.240 INFO [main] org.apache.catalina.startup.VersionLoggerListener.log OS Version:            10.0
18-Jul-2024 11:52:14.240 INFO [main] org.apache.catalina.startup.VersionLoggerListener.log Architecture:          amd64
18-Jul-2024 11:52:14.240 INFO [main] org.apache.catalina.startup.VersionLoggerListener.log Java Home:             C:\Program Files\Java\jdk-17
18-Jul-2024 11:52:14.240 INFO [main] org.apache.catalina.startup.VersionLoggerListener.log JVM Version:           17.0.9+11-LTS-201
18-Jul-2024 11:52:14.241 INFO [main] org.apache.catalina.startup.VersionLoggerListener.log JVM Vendor:            Oracle Corporation
18-Jul-2024 11:52:14.241 INFO [main] org.apache.catalina.startup.VersionLoggerListener.log CATALINA_BASE:         D:\LIVE PROJECTS\ITBIS\tbis_api_server\Tomcat_10.1
18-Jul-2024 11:52:14.241 INFO [main] org.apache.catalina.startup.VersionLoggerListener.log CATALINA_HOME:         D:\LIVE PROJECTS\ITBIS\tbis_api_server\Tomcat_10.1
18-Jul-2024 11:52:14.248 INFO [main] org.apache.catalina.startup.VersionLoggerListener.log Command line argument: -Djava.util.logging.config.file=D:\LIVE PROJECTS\ITBIS\tbis_api_server\Tomcat_10.1\conf\logging.properties
18-Jul-2024 11:52:14.248 INFO [main] org.apache.catalina.startup.VersionLoggerListener.log Command line argument: -Djava.util.logging.manager=org.apache.juli.ClassLoaderLogManager
18-Jul-2024 11:52:14.248 INFO [main] org.apache.catalina.startup.VersionLoggerListener.log Command line argument: -Djdk.tls.ephemeralDHKeySize=2048
18-Jul-2024 11:52:14.248 INFO [main] org.apache.catalina.startup.VersionLoggerListener.log Command line argument: -Djava.protocol.handler.pkgs=org.apache.catalina.webresources
18-Jul-2024 11:52:14.248 INFO [main] org.apache.catalina.startup.VersionLoggerListener.log Command line argument: --add-opens=java.base/java.lang=ALL-UNNAMED
18-Jul-2024 11:52:14.248 INFO [main] org.apache.catalina.startup.VersionLoggerListener.log Command line argument: --add-opens=java.base/java.io=ALL-UNNAMED
18-Jul-2024 11:52:14.249 INFO [main] org.apache.catalina.startup.VersionLoggerListener.log Command line argument: --add-opens=java.base/java.util=ALL-UNNAMED
18-Jul-2024 11:52:14.249 INFO [main] org.apache.catalina.startup.VersionLoggerListener.log Command line argument: --add-opens=java.base/java.util.concurrent=ALL-UNNAMED
18-Jul-2024 11:52:14.250 INFO [main] org.apache.catalina.startup.VersionLoggerListener.log Command line argument: --add-opens=java.rmi/sun.rmi.transport=ALL-UNNAMED
18-Jul-2024 11:52:14.250 INFO [main] org.apache.catalina.startup.VersionLoggerListener.log Command line argument: -Dcatalina.base=D:\LIVE PROJECTS\ITBIS\tbis_api_server\Tomcat_10.1
18-Jul-2024 11:52:14.250 INFO [main] org.apache.catalina.startup.VersionLoggerListener.log Command line argument: -Dcatalina.home=D:\LIVE PROJECTS\ITBIS\tbis_api_server\Tomcat_10.1
18-Jul-2024 11:52:14.250 INFO [main] org.apache.catalina.startup.VersionLoggerListener.log Command line argument: -Djava.io.tmpdir=D:\LIVE PROJECTS\ITBIS\tbis_api_server\Tomcat_10.1\temp
18-Jul-2024 11:52:14.264 INFO [main] org.apache.catalina.core.AprLifecycleListener.lifecycleEvent The Apache Tomcat Native library which allows using OpenSSL was not found on the java.library.path: [C:\Program Files\Java\jdk-17\bin;C:\Windows\Sun\Java\bin;C:\Windows\system32;C:\Windows;C:\Program Files\Common Files\Oracle\Java\javapath;C:\Python312\Scripts\;C:\Python312\;C:\Program Files\Microsoft\jdk-11.0.16.101-hotspot\bin;C:\Windows\System32\WindowsPowerShell\v1.0\;C:\Program Files\Python\Python37\Scripts\;C:\Program Files\Python\Python37\;C:\Users\ASUS\Scripts\;C:\Users\ASUS\;C:\Program Files\Microsoft MPI\Bin\;C:\Windows\system32;C:\Windows;C:\Windows\System32\Wbem;C:\Windows\System32\OpenSSH\;C:\Program Files\Microsoft SQL Server\130\Tools\Binn\;C:\Program Files\Microsoft SQL Server\Client SDK\ODBC\170\Tools\Binn\;C:\Program Files (x86)\Microsoft SQL Server\150\Tools\Binn\;C:\Program Files\Microsoft SQL Server\150\Tools\Binn\;C:\Program Files (x86)\Microsoft SQL Server\150\DTS\Binn\;C:\Program Files\Microsoft SQL Server\150\DTS\Binn\;C:\Users\ASUS\Lib\site-packages\pip;C:\Program Files\dotnet\;C:\Program Files\Git\cmd;C:\Program Files\gettext-iconv\bin;C:\Program Files\PuTTY\;C:\Program Files\Java\jdk-17\bin;C:\Program Files\GTK3-Runtime Win64\bin;C:\ProgramData\chocolatey\bin;C:\Users\ASUS\AppData\Roaming\nvm;C:\Program Files\nodejs;C:\Program Files\apache-maven-3.8.8-bin\apache-maven-3.8.8\bin;C:\Program Files\MySQL\MySQL Server 8.0\bin;C:\Program Files\MySQL\MySQL Shell 8.0\bin\;C:\Users\ASUS\AppData\Local\Microsoft\WindowsApps;C:\Program Files\Azure Data Studio\bin;C:\Users\ASUS\AppData\Local\Programs\Microsoft VS Code\bin;C:\Program Files\JetBrains\PyCharm Community Edition 2021.2.3\bin;;D:\CHAKRAS\Drivers\flutter\bin;C:\Users\ASUS\AppData\Local\GitHubDesktop\bin;C:\Program Files\wkhtmltopdf\bin\wkhtmltopdf.exe;C:\ProgramData\ASUS\GitHubDesktop\bin;C:\Users\ASUS\AppData\Roaming\npm;C:\Program Files\JetBrains\DataGrip 2023.2.3\bin;;C:\Users\ASUS\AppData\Roaming\nvm;C:\Program Files\nodejs;C:\src\flutter\bin;;.]
18-Jul-2024 11:52:14.472 INFO [main] org.apache.coyote.AbstractProtocol.init Initializing ProtocolHandler ["http-nio-8282"]
18-Jul-2024 11:52:14.494 INFO [main] org.apache.catalina.startup.Catalina.load Server initialization in [395] milliseconds
18-Jul-2024 11:52:14.531 INFO [main] org.apache.catalina.core.StandardService.startInternal Starting service [Catalina]
18-Jul-2024 11:52:14.531 INFO [main] org.apache.catalina.core.StandardEngine.startInternal Starting Servlet engine: [Apache Tomcat/10.1.9]
18-Jul-2024 11:52:14.552 INFO [main] org.apache.catalina.startup.HostConfig.deployDescriptor Deploying deployment descriptor [D:\LIVE PROJECTS\ITBIS\tbis_api_server\Tomcat_10.1\conf\Catalina\localhost\tbis.xml]
18-Jul-2024 11:52:14.566 WARNING [main] org.apache.catalina.startup.HostConfig.deployDescriptor The path attribute with value [/tbis] in deployment descriptor [D:\LIVE PROJECTS\ITBIS\tbis_api_server\Tomcat_10.1\conf\Catalina\localhost\tbis.xml] has been ignored
18-Jul-2024 11:52:17.840 INFO [main] org.apache.jasper.servlet.TldScanner.scanJars At least one JAR was scanned for TLDs yet contained no TLDs. Enable debug logging for this logger for a complete list of JARs that were scanned but no TLDs were found in them. Skipping unneeded JARs during scanning can improve startup time and JSP compilation time.
18-Jul-2024 11:52:19.384 INFO [main] org.apache.catalina.startup.HostConfig.deployDescriptor Deployment of deployment descriptor [D:\LIVE PROJECTS\ITBIS\tbis_api_server\Tomcat_10.1\conf\Catalina\localhost\tbis.xml] has finished in [4,831] ms
18-Jul-2024 11:52:19.385 INFO [main] org.apache.catalina.startup.HostConfig.deployDirectory Deploying web application directory [D:\LIVE PROJECTS\ITBIS\tbis_api_server\Tomcat_10.1\webapps\docs]
18-Jul-2024 11:52:19.628 INFO [main] org.apache.jasper.servlet.TldScanner.scanJars At least one JAR was scanned for TLDs yet contained no TLDs. Enable debug logging for this logger for a complete list of JARs that were scanned but no TLDs were found in them. Skipping unneeded JARs during scanning can improve startup time and JSP compilation time.
18-Jul-2024 11:52:19.630 INFO [main] org.apache.catalina.startup.HostConfig.deployDirectory Deployment of web application directory [D:\LIVE PROJECTS\ITBIS\tbis_api_server\Tomcat_10.1\webapps\docs] has finished in [245] ms
18-Jul-2024 11:52:19.630 INFO [main] org.apache.catalina.startup.HostConfig.deployDirectory Deploying web application directory [D:\LIVE PROJECTS\ITBIS\tbis_api_server\Tomcat_10.1\webapps\manager]
18-Jul-2024 11:52:19.876 INFO [main] org.apache.jasper.servlet.TldScanner.scanJars At least one JAR was scanned for TLDs yet contained no TLDs. Enable debug logging for this logger for a complete list of JARs that were scanned but no TLDs were found in them. Skipping unneeded JARs during scanning can improve startup time and JSP compilation time.
18-Jul-2024 11:52:19.881 INFO [main] org.apache.catalina.startup.HostConfig.deployDirectory Deployment of web application directory [D:\LIVE PROJECTS\ITBIS\tbis_api_server\Tomcat_10.1\webapps\manager] has finished in [250] ms
18-Jul-2024 11:52:19.881 INFO [main] org.apache.catalina.startup.HostConfig.deployDirectory Deploying web application directory [D:\LIVE PROJECTS\ITBIS\tbis_api_server\Tomcat_10.1\webapps\ROOT]
18-Jul-2024 11:52:20.103 INFO [main] org.apache.jasper.servlet.TldScanner.scanJars At least one JAR was scanned for TLDs yet contained no TLDs. Enable debug logging for this logger for a complete list of JARs that were scanned but no TLDs were found in them. Skipping unneeded JARs during scanning can improve startup time and JSP compilation time.
18-Jul-2024 11:52:20.105 INFO [main] org.apache.catalina.startup.HostConfig.deployDirectory Deployment of web application directory [D:\LIVE PROJECTS\ITBIS\tbis_api_server\Tomcat_10.1\webapps\ROOT] has finished in [223] ms
18-Jul-2024 11:52:20.105 INFO [main] org.apache.catalina.startup.HostConfig.deployDirectory Deploying web application directory [D:\LIVE PROJECTS\ITBIS\tbis_api_server\Tomcat_10.1\webapps\tbisapp]
18-Jul-2024 11:52:20.297 INFO [main] org.apache.jasper.servlet.TldScanner.scanJars At least one JAR was scanned for TLDs yet contained no TLDs. Enable debug logging for this logger for a complete list of JARs that were scanned but no TLDs were found in them. Skipping unneeded JARs during scanning can improve startup time and JSP compilation time.
18-Jul-2024 11:52:20.299 INFO [main] org.apache.catalina.startup.HostConfig.deployDirectory Deployment of web application directory [D:\LIVE PROJECTS\ITBIS\tbis_api_server\Tomcat_10.1\webapps\tbisapp] has finished in [194] ms
18-Jul-2024 11:52:20.302 INFO [main] org.apache.coyote.AbstractProtocol.start Starting ProtocolHandler ["http-nio-8282"]
18-Jul-2024 11:52:20.332 INFO [main] org.apache.catalina.startup.Catalina.start Server startup in [5838] milliseconds
18-Jul-2024 11:59:38.638 SEVERE [main] org.apache.catalina.startup.Catalina.stopServer No shutdown port configured. Shut down server through OS signal. Server not shut down.
18-Jul-2024 11:59:40.152 INFO [main] org.apache.catalina.startup.VersionLoggerListener.log Server version name:   Apache Tomcat/10.1.9
18-Jul-2024 11:59:40.156 INFO [main] org.apache.catalina.startup.VersionLoggerListener.log Server built:          May 9 2023 14:30:05 UTC
18-Jul-2024 11:59:40.157 INFO [main] org.apache.catalina.startup.VersionLoggerListener.log Server version number: 10.1.9.0
18-Jul-2024 11:59:40.157 INFO [main] org.apache.catalina.startup.VersionLoggerListener.log OS Name:               Windows 10
18-Jul-2024 11:59:40.157 INFO [main] org.apache.catalina.startup.VersionLoggerListener.log OS Version:            10.0
18-Jul-2024 11:59:40.157 INFO [main] org.apache.catalina.startup.VersionLoggerListener.log Architecture:          amd64
18-Jul-2024 11:59:40.157 INFO [main] org.apache.catalina.startup.VersionLoggerListener.log Java Home:             C:\Program Files\Java\jdk-17
18-Jul-2024 11:59:40.158 INFO [main] org.apache.catalina.startup.VersionLoggerListener.log JVM Version:           17.0.9+11-LTS-201
18-Jul-2024 11:59:40.158 INFO [main] org.apache.catalina.startup.VersionLoggerListener.log JVM Vendor:            Oracle Corporation
18-Jul-2024 11:59:40.158 INFO [main] org.apache.catalina.startup.VersionLoggerListener.log CATALINA_BASE:         D:\LIVE PROJECTS\ITBIS\tbis_api_server\Tomcat_10.1
18-Jul-2024 11:59:40.158 INFO [main] org.apache.catalina.startup.VersionLoggerListener.log CATALINA_HOME:         D:\LIVE PROJECTS\ITBIS\tbis_api_server\Tomcat_10.1
18-Jul-2024 11:59:40.166 INFO [main] org.apache.catalina.startup.VersionLoggerListener.log Command line argument: -Djava.util.logging.config.file=D:\LIVE PROJECTS\ITBIS\tbis_api_server\Tomcat_10.1\conf\logging.properties
18-Jul-2024 11:59:40.167 INFO [main] org.apache.catalina.startup.VersionLoggerListener.log Command line argument: -Djava.util.logging.manager=org.apache.juli.ClassLoaderLogManager
18-Jul-2024 11:59:40.167 INFO [main] org.apache.catalina.startup.VersionLoggerListener.log Command line argument: -Djdk.tls.ephemeralDHKeySize=2048
18-Jul-2024 11:59:40.167 INFO [main] org.apache.catalina.startup.VersionLoggerListener.log Command line argument: -Djava.protocol.handler.pkgs=org.apache.catalina.webresources
18-Jul-2024 11:59:40.167 INFO [main] org.apache.catalina.startup.VersionLoggerListener.log Command line argument: --add-opens=java.base/java.lang=ALL-UNNAMED
18-Jul-2024 11:59:40.167 INFO [main] org.apache.catalina.startup.VersionLoggerListener.log Command line argument: --add-opens=java.base/java.io=ALL-UNNAMED
18-Jul-2024 11:59:40.168 INFO [main] org.apache.catalina.startup.VersionLoggerListener.log Command line argument: --add-opens=java.base/java.util=ALL-UNNAMED
18-Jul-2024 11:59:40.168 INFO [main] org.apache.catalina.startup.VersionLoggerListener.log Command line argument: --add-opens=java.base/java.util.concurrent=ALL-UNNAMED
18-Jul-2024 11:59:40.168 INFO [main] org.apache.catalina.startup.VersionLoggerListener.log Command line argument: --add-opens=java.rmi/sun.rmi.transport=ALL-UNNAMED
18-Jul-2024 11:59:40.169 INFO [main] org.apache.catalina.startup.VersionLoggerListener.log Command line argument: -Dcatalina.base=D:\LIVE PROJECTS\ITBIS\tbis_api_server\Tomcat_10.1
18-Jul-2024 11:59:40.169 INFO [main] org.apache.catalina.startup.VersionLoggerListener.log Command line argument: -Dcatalina.home=D:\LIVE PROJECTS\ITBIS\tbis_api_server\Tomcat_10.1
18-Jul-2024 11:59:40.169 INFO [main] org.apache.catalina.startup.VersionLoggerListener.log Command line argument: -Djava.io.tmpdir=D:\LIVE PROJECTS\ITBIS\tbis_api_server\Tomcat_10.1\temp
18-Jul-2024 11:59:40.183 INFO [main] org.apache.catalina.core.AprLifecycleListener.lifecycleEvent The Apache Tomcat Native library which allows using OpenSSL was not found on the java.library.path: [C:\Program Files\Java\jdk-17\bin;C:\Windows\Sun\Java\bin;C:\Windows\system32;C:\Windows;C:\Program Files\Common Files\Oracle\Java\javapath;C:\Python312\Scripts\;C:\Python312\;C:\Program Files\Microsoft\jdk-11.0.16.101-hotspot\bin;C:\Windows\System32\WindowsPowerShell\v1.0\;C:\Program Files\Python\Python37\Scripts\;C:\Program Files\Python\Python37\;C:\Users\ASUS\Scripts\;C:\Users\ASUS\;C:\Program Files\Microsoft MPI\Bin\;C:\Windows\system32;C:\Windows;C:\Windows\System32\Wbem;C:\Windows\System32\OpenSSH\;C:\Program Files\Microsoft SQL Server\130\Tools\Binn\;C:\Program Files\Microsoft SQL Server\Client SDK\ODBC\170\Tools\Binn\;C:\Program Files (x86)\Microsoft SQL Server\150\Tools\Binn\;C:\Program Files\Microsoft SQL Server\150\Tools\Binn\;C:\Program Files (x86)\Microsoft SQL Server\150\DTS\Binn\;C:\Program Files\Microsoft SQL Server\150\DTS\Binn\;C:\Users\ASUS\Lib\site-packages\pip;C:\Program Files\dotnet\;C:\Program Files\Git\cmd;C:\Program Files\gettext-iconv\bin;C:\Program Files\PuTTY\;C:\Program Files\Java\jdk-17\bin;C:\Program Files\GTK3-Runtime Win64\bin;C:\ProgramData\chocolatey\bin;C:\Users\ASUS\AppData\Roaming\nvm;C:\Program Files\nodejs;C:\Program Files\apache-maven-3.8.8-bin\apache-maven-3.8.8\bin;C:\Program Files\MySQL\MySQL Server 8.0\bin;C:\Program Files\MySQL\MySQL Shell 8.0\bin\;C:\Users\ASUS\AppData\Local\Microsoft\WindowsApps;C:\Program Files\Azure Data Studio\bin;C:\Users\ASUS\AppData\Local\Programs\Microsoft VS Code\bin;C:\Program Files\JetBrains\PyCharm Community Edition 2021.2.3\bin;;D:\CHAKRAS\Drivers\flutter\bin;C:\Users\ASUS\AppData\Local\GitHubDesktop\bin;C:\Program Files\wkhtmltopdf\bin\wkhtmltopdf.exe;C:\ProgramData\ASUS\GitHubDesktop\bin;C:\Users\ASUS\AppData\Roaming\npm;C:\Program Files\JetBrains\DataGrip 2023.2.3\bin;;C:\Users\ASUS\AppData\Roaming\nvm;C:\Program Files\nodejs;C:\src\flutter\bin;;.]
18-Jul-2024 11:59:40.391 INFO [main] org.apache.coyote.AbstractProtocol.init Initializing ProtocolHandler ["http-nio-8282"]
18-Jul-2024 11:59:40.414 INFO [main] org.apache.catalina.startup.Catalina.load Server initialization in [397] milliseconds
18-Jul-2024 11:59:40.455 INFO [main] org.apache.catalina.core.StandardService.startInternal Starting service [Catalina]
18-Jul-2024 11:59:40.455 INFO [main] org.apache.catalina.core.StandardEngine.startInternal Starting Servlet engine: [Apache Tomcat/10.1.9]
18-Jul-2024 11:59:40.475 INFO [main] org.apache.catalina.startup.HostConfig.deployDescriptor Deploying deployment descriptor [D:\LIVE PROJECTS\ITBIS\tbis_api_server\Tomcat_10.1\conf\Catalina\localhost\tbis.xml]
18-Jul-2024 11:59:40.489 WARNING [main] org.apache.catalina.startup.HostConfig.deployDescriptor The path attribute with value [/tbis] in deployment descriptor [D:\LIVE PROJECTS\ITBIS\tbis_api_server\Tomcat_10.1\conf\Catalina\localhost\tbis.xml] has been ignored
18-Jul-2024 11:59:43.822 INFO [main] org.apache.jasper.servlet.TldScanner.scanJars At least one JAR was scanned for TLDs yet contained no TLDs. Enable debug logging for this logger for a complete list of JARs that were scanned but no TLDs were found in them. Skipping unneeded JARs during scanning can improve startup time and JSP compilation time.
18-Jul-2024 11:59:45.387 INFO [main] org.apache.catalina.startup.HostConfig.deployDescriptor Deployment of deployment descriptor [D:\LIVE PROJECTS\ITBIS\tbis_api_server\Tomcat_10.1\conf\Catalina\localhost\tbis.xml] has finished in [4,911] ms
18-Jul-2024 11:59:45.388 INFO [main] org.apache.catalina.startup.HostConfig.deployDirectory Deploying web application directory [D:\LIVE PROJECTS\ITBIS\tbis_api_server\Tomcat_10.1\webapps\docs]
18-Jul-2024 11:59:45.648 INFO [main] org.apache.jasper.servlet.TldScanner.scanJars At least one JAR was scanned for TLDs yet contained no TLDs. Enable debug logging for this logger for a complete list of JARs that were scanned but no TLDs were found in them. Skipping unneeded JARs during scanning can improve startup time and JSP compilation time.
18-Jul-2024 11:59:45.650 INFO [main] org.apache.catalina.startup.HostConfig.deployDirectory Deployment of web application directory [D:\LIVE PROJECTS\ITBIS\tbis_api_server\Tomcat_10.1\webapps\docs] has finished in [262] ms
18-Jul-2024 11:59:45.651 INFO [main] org.apache.catalina.startup.HostConfig.deployDirectory Deploying web application directory [D:\LIVE PROJECTS\ITBIS\tbis_api_server\Tomcat_10.1\webapps\manager]
18-Jul-2024 11:59:45.902 INFO [main] org.apache.jasper.servlet.TldScanner.scanJars At least one JAR was scanned for TLDs yet contained no TLDs. Enable debug logging for this logger for a complete list of JARs that were scanned but no TLDs were found in them. Skipping unneeded JARs during scanning can improve startup time and JSP compilation time.
18-Jul-2024 11:59:45.907 INFO [main] org.apache.catalina.startup.HostConfig.deployDirectory Deployment of web application directory [D:\LIVE PROJECTS\ITBIS\tbis_api_server\Tomcat_10.1\webapps\manager] has finished in [257] ms
18-Jul-2024 11:59:45.908 INFO [main] org.apache.catalina.startup.HostConfig.deployDirectory Deploying web application directory [D:\LIVE PROJECTS\ITBIS\tbis_api_server\Tomcat_10.1\webapps\ROOT]
18-Jul-2024 11:59:46.128 INFO [main] org.apache.jasper.servlet.TldScanner.scanJars At least one JAR was scanned for TLDs yet contained no TLDs. Enable debug logging for this logger for a complete list of JARs that were scanned but no TLDs were found in them. Skipping unneeded JARs during scanning can improve startup time and JSP compilation time.
18-Jul-2024 11:59:46.130 INFO [main] org.apache.catalina.startup.HostConfig.deployDirectory Deployment of web application directory [D:\LIVE PROJECTS\ITBIS\tbis_api_server\Tomcat_10.1\webapps\ROOT] has finished in [222] ms
18-Jul-2024 11:59:46.130 INFO [main] org.apache.catalina.startup.HostConfig.deployDirectory Deploying web application directory [D:\LIVE PROJECTS\ITBIS\tbis_api_server\Tomcat_10.1\webapps\tbisapp]
18-Jul-2024 11:59:46.332 INFO [main] org.apache.jasper.servlet.TldScanner.scanJars At least one JAR was scanned for TLDs yet contained no TLDs. Enable debug logging for this logger for a complete list of JARs that were scanned but no TLDs were found in them. Skipping unneeded JARs during scanning can improve startup time and JSP compilation time.
18-Jul-2024 11:59:46.334 INFO [main] org.apache.catalina.startup.HostConfig.deployDirectory Deployment of web application directory [D:\LIVE PROJECTS\ITBIS\tbis_api_server\Tomcat_10.1\webapps\tbisapp] has finished in [203] ms
18-Jul-2024 11:59:46.336 INFO [main] org.apache.coyote.AbstractProtocol.start Starting ProtocolHandler ["http-nio-8282"]
18-Jul-2024 11:59:46.359 INFO [main] org.apache.catalina.startup.Catalina.start Server startup in [5945] milliseconds
18-Jul-2024 12:02:32.495 SEVERE [main] org.apache.catalina.startup.Catalina.stopServer No shutdown port configured. Shut down server through OS signal. Server not shut down.
18-Jul-2024 12:02:33.726 INFO [main] org.apache.catalina.startup.VersionLoggerListener.log Server version name:   Apache Tomcat/10.1.9
18-Jul-2024 12:02:33.730 INFO [main] org.apache.catalina.startup.VersionLoggerListener.log Server built:          May 9 2023 14:30:05 UTC
18-Jul-2024 12:02:33.730 INFO [main] org.apache.catalina.startup.VersionLoggerListener.log Server version number: 10.1.9.0
18-Jul-2024 12:02:33.730 INFO [main] org.apache.catalina.startup.VersionLoggerListener.log OS Name:               Windows 10
18-Jul-2024 12:02:33.730 INFO [main] org.apache.catalina.startup.VersionLoggerListener.log OS Version:            10.0
18-Jul-2024 12:02:33.730 INFO [main] org.apache.catalina.startup.VersionLoggerListener.log Architecture:          amd64
18-Jul-2024 12:02:33.730 INFO [main] org.apache.catalina.startup.VersionLoggerListener.log Java Home:             C:\Program Files\Java\jdk-17
18-Jul-2024 12:02:33.731 INFO [main] org.apache.catalina.startup.VersionLoggerListener.log JVM Version:           17.0.9+11-LTS-201
18-Jul-2024 12:02:33.731 INFO [main] org.apache.catalina.startup.VersionLoggerListener.log JVM Vendor:            Oracle Corporation
18-Jul-2024 12:02:33.731 INFO [main] org.apache.catalina.startup.VersionLoggerListener.log CATALINA_BASE:         D:\LIVE PROJECTS\ITBIS\tbis_api_server\Tomcat_10.1
18-Jul-2024 12:02:33.731 INFO [main] org.apache.catalina.startup.VersionLoggerListener.log CATALINA_HOME:         D:\LIVE PROJECTS\ITBIS\tbis_api_server\Tomcat_10.1
18-Jul-2024 12:02:33.737 INFO [main] org.apache.catalina.startup.VersionLoggerListener.log Command line argument: -Djava.util.logging.config.file=D:\LIVE PROJECTS\ITBIS\tbis_api_server\Tomcat_10.1\conf\logging.properties
18-Jul-2024 12:02:33.738 INFO [main] org.apache.catalina.startup.VersionLoggerListener.log Command line argument: -Djava.util.logging.manager=org.apache.juli.ClassLoaderLogManager
18-Jul-2024 12:02:33.738 INFO [main] org.apache.catalina.startup.VersionLoggerListener.log Command line argument: -Djdk.tls.ephemeralDHKeySize=2048
18-Jul-2024 12:02:33.738 INFO [main] org.apache.catalina.startup.VersionLoggerListener.log Command line argument: -Djava.protocol.handler.pkgs=org.apache.catalina.webresources
18-Jul-2024 12:02:33.738 INFO [main] org.apache.catalina.startup.VersionLoggerListener.log Command line argument: --add-opens=java.base/java.lang=ALL-UNNAMED
18-Jul-2024 12:02:33.738 INFO [main] org.apache.catalina.startup.VersionLoggerListener.log Command line argument: --add-opens=java.base/java.io=ALL-UNNAMED
18-Jul-2024 12:02:33.739 INFO [main] org.apache.catalina.startup.VersionLoggerListener.log Command line argument: --add-opens=java.base/java.util=ALL-UNNAMED
18-Jul-2024 12:02:33.739 INFO [main] org.apache.catalina.startup.VersionLoggerListener.log Command line argument: --add-opens=java.base/java.util.concurrent=ALL-UNNAMED
18-Jul-2024 12:02:33.739 INFO [main] org.apache.catalina.startup.VersionLoggerListener.log Command line argument: --add-opens=java.rmi/sun.rmi.transport=ALL-UNNAMED
18-Jul-2024 12:02:33.739 INFO [main] org.apache.catalina.startup.VersionLoggerListener.log Command line argument: -Dcatalina.base=D:\LIVE PROJECTS\ITBIS\tbis_api_server\Tomcat_10.1
18-Jul-2024 12:02:33.740 INFO [main] org.apache.catalina.startup.VersionLoggerListener.log Command line argument: -Dcatalina.home=D:\LIVE PROJECTS\ITBIS\tbis_api_server\Tomcat_10.1
18-Jul-2024 12:02:33.740 INFO [main] org.apache.catalina.startup.VersionLoggerListener.log Command line argument: -Djava.io.tmpdir=D:\LIVE PROJECTS\ITBIS\tbis_api_server\Tomcat_10.1\temp
18-Jul-2024 12:02:33.753 INFO [main] org.apache.catalina.core.AprLifecycleListener.lifecycleEvent The Apache Tomcat Native library which allows using OpenSSL was not found on the java.library.path: [C:\Program Files\Java\jdk-17\bin;C:\Windows\Sun\Java\bin;C:\Windows\system32;C:\Windows;C:\Program Files\Common Files\Oracle\Java\javapath;C:\Python312\Scripts\;C:\Python312\;C:\Program Files\Microsoft\jdk-11.0.16.101-hotspot\bin;C:\Windows\System32\WindowsPowerShell\v1.0\;C:\Program Files\Python\Python37\Scripts\;C:\Program Files\Python\Python37\;C:\Users\ASUS\Scripts\;C:\Users\ASUS\;C:\Program Files\Microsoft MPI\Bin\;C:\Windows\system32;C:\Windows;C:\Windows\System32\Wbem;C:\Windows\System32\OpenSSH\;C:\Program Files\Microsoft SQL Server\130\Tools\Binn\;C:\Program Files\Microsoft SQL Server\Client SDK\ODBC\170\Tools\Binn\;C:\Program Files (x86)\Microsoft SQL Server\150\Tools\Binn\;C:\Program Files\Microsoft SQL Server\150\Tools\Binn\;C:\Program Files (x86)\Microsoft SQL Server\150\DTS\Binn\;C:\Program Files\Microsoft SQL Server\150\DTS\Binn\;C:\Users\ASUS\Lib\site-packages\pip;C:\Program Files\dotnet\;C:\Program Files\Git\cmd;C:\Program Files\gettext-iconv\bin;C:\Program Files\PuTTY\;C:\Program Files\Java\jdk-17\bin;C:\Program Files\GTK3-Runtime Win64\bin;C:\ProgramData\chocolatey\bin;C:\Users\ASUS\AppData\Roaming\nvm;C:\Program Files\nodejs;C:\Program Files\apache-maven-3.8.8-bin\apache-maven-3.8.8\bin;C:\Program Files\MySQL\MySQL Server 8.0\bin;C:\Program Files\MySQL\MySQL Shell 8.0\bin\;C:\Users\ASUS\AppData\Local\Microsoft\WindowsApps;C:\Program Files\Azure Data Studio\bin;C:\Users\ASUS\AppData\Local\Programs\Microsoft VS Code\bin;C:\Program Files\JetBrains\PyCharm Community Edition 2021.2.3\bin;;D:\CHAKRAS\Drivers\flutter\bin;C:\Users\ASUS\AppData\Local\GitHubDesktop\bin;C:\Program Files\wkhtmltopdf\bin\wkhtmltopdf.exe;C:\ProgramData\ASUS\GitHubDesktop\bin;C:\Users\ASUS\AppData\Roaming\npm;C:\Program Files\JetBrains\DataGrip 2023.2.3\bin;;C:\Users\ASUS\AppData\Roaming\nvm;C:\Program Files\nodejs;C:\src\flutter\bin;;.]
18-Jul-2024 12:02:33.934 INFO [main] org.apache.coyote.AbstractProtocol.init Initializing ProtocolHandler ["http-nio-8282"]
18-Jul-2024 12:02:33.951 INFO [main] org.apache.catalina.startup.Catalina.load Server initialization in [358] milliseconds
18-Jul-2024 12:02:33.983 INFO [main] org.apache.catalina.core.StandardService.startInternal Starting service [Catalina]
18-Jul-2024 12:02:33.983 INFO [main] org.apache.catalina.core.StandardEngine.startInternal Starting Servlet engine: [Apache Tomcat/10.1.9]
18-Jul-2024 12:02:34.000 INFO [main] org.apache.catalina.startup.HostConfig.deployDescriptor Deploying deployment descriptor [D:\LIVE PROJECTS\ITBIS\tbis_api_server\Tomcat_10.1\conf\Catalina\localhost\tbis.xml]
18-Jul-2024 12:02:34.013 WARNING [main] org.apache.catalina.startup.HostConfig.deployDescriptor The path attribute with value [/tbis] in deployment descriptor [D:\LIVE PROJECTS\ITBIS\tbis_api_server\Tomcat_10.1\conf\Catalina\localhost\tbis.xml] has been ignored
18-Jul-2024 12:02:36.768 INFO [main] org.apache.jasper.servlet.TldScanner.scanJars At least one JAR was scanned for TLDs yet contained no TLDs. Enable debug logging for this logger for a complete list of JARs that were scanned but no TLDs were found in them. Skipping unneeded JARs during scanning can improve startup time and JSP compilation time.
18-Jul-2024 12:02:38.282 INFO [main] org.apache.catalina.startup.HostConfig.deployDescriptor Deployment of deployment descriptor [D:\LIVE PROJECTS\ITBIS\tbis_api_server\Tomcat_10.1\conf\Catalina\localhost\tbis.xml] has finished in [4,282] ms
18-Jul-2024 12:02:38.283 INFO [main] org.apache.catalina.startup.HostConfig.deployDirectory Deploying web application directory [D:\LIVE PROJECTS\ITBIS\tbis_api_server\Tomcat_10.1\webapps\docs]
18-Jul-2024 12:02:38.529 INFO [main] org.apache.jasper.servlet.TldScanner.scanJars At least one JAR was scanned for TLDs yet contained no TLDs. Enable debug logging for this logger for a complete list of JARs that were scanned but no TLDs were found in them. Skipping unneeded JARs during scanning can improve startup time and JSP compilation time.
18-Jul-2024 12:02:38.531 INFO [main] org.apache.catalina.startup.HostConfig.deployDirectory Deployment of web application directory [D:\LIVE PROJECTS\ITBIS\tbis_api_server\Tomcat_10.1\webapps\docs] has finished in [248] ms
18-Jul-2024 12:02:38.531 INFO [main] org.apache.catalina.startup.HostConfig.deployDirectory Deploying web application directory [D:\LIVE PROJECTS\ITBIS\tbis_api_server\Tomcat_10.1\webapps\manager]
18-Jul-2024 12:02:38.785 INFO [main] org.apache.jasper.servlet.TldScanner.scanJars At least one JAR was scanned for TLDs yet contained no TLDs. Enable debug logging for this logger for a complete list of JARs that were scanned but no TLDs were found in them. Skipping unneeded JARs during scanning can improve startup time and JSP compilation time.
18-Jul-2024 12:02:38.791 INFO [main] org.apache.catalina.startup.HostConfig.deployDirectory Deployment of web application directory [D:\LIVE PROJECTS\ITBIS\tbis_api_server\Tomcat_10.1\webapps\manager] has finished in [260] ms
18-Jul-2024 12:02:38.791 INFO [main] org.apache.catalina.startup.HostConfig.deployDirectory Deploying web application directory [D:\LIVE PROJECTS\ITBIS\tbis_api_server\Tomcat_10.1\webapps\ROOT]
18-Jul-2024 12:02:39.010 INFO [main] org.apache.jasper.servlet.TldScanner.scanJars At least one JAR was scanned for TLDs yet contained no TLDs. Enable debug logging for this logger for a complete list of JARs that were scanned but no TLDs were found in them. Skipping unneeded JARs during scanning can improve startup time and JSP compilation time.
18-Jul-2024 12:02:39.012 INFO [main] org.apache.catalina.startup.HostConfig.deployDirectory Deployment of web application directory [D:\LIVE PROJECTS\ITBIS\tbis_api_server\Tomcat_10.1\webapps\ROOT] has finished in [221] ms
18-Jul-2024 12:02:39.012 INFO [main] org.apache.catalina.startup.HostConfig.deployDirectory Deploying web application directory [D:\LIVE PROJECTS\ITBIS\tbis_api_server\Tomcat_10.1\webapps\tbisapp]
18-Jul-2024 12:02:39.223 INFO [main] org.apache.jasper.servlet.TldScanner.scanJars At least one JAR was scanned for TLDs yet contained no TLDs. Enable debug logging for this logger for a complete list of JARs that were scanned but no TLDs were found in them. Skipping unneeded JARs during scanning can improve startup time and JSP compilation time.
18-Jul-2024 12:02:39.225 INFO [main] org.apache.catalina.startup.HostConfig.deployDirectory Deployment of web application directory [D:\LIVE PROJECTS\ITBIS\tbis_api_server\Tomcat_10.1\webapps\tbisapp] has finished in [213] ms
18-Jul-2024 12:02:39.229 INFO [main] org.apache.coyote.AbstractProtocol.start Starting ProtocolHandler ["http-nio-8282"]
18-Jul-2024 12:02:39.247 INFO [main] org.apache.catalina.startup.Catalina.start Server startup in [5295] milliseconds
18-Jul-2024 12:09:57.854 SEVERE [main] org.apache.catalina.startup.Catalina.stopServer No shutdown port configured. Shut down server through OS signal. Server not shut down.
18-Jul-2024 12:09:59.515 INFO [main] org.apache.catalina.startup.VersionLoggerListener.log Server version name:   Apache Tomcat/10.1.9
18-Jul-2024 12:09:59.519 INFO [main] org.apache.catalina.startup.VersionLoggerListener.log Server built:          May 9 2023 14:30:05 UTC
18-Jul-2024 12:09:59.520 INFO [main] org.apache.catalina.startup.VersionLoggerListener.log Server version number: 10.1.9.0
18-Jul-2024 12:09:59.520 INFO [main] org.apache.catalina.startup.VersionLoggerListener.log OS Name:               Windows 10
18-Jul-2024 12:09:59.520 INFO [main] org.apache.catalina.startup.VersionLoggerListener.log OS Version:            10.0
18-Jul-2024 12:09:59.520 INFO [main] org.apache.catalina.startup.VersionLoggerListener.log Architecture:          amd64
18-Jul-2024 12:09:59.520 INFO [main] org.apache.catalina.startup.VersionLoggerListener.log Java Home:             C:\Program Files\Java\jdk-17
18-Jul-2024 12:09:59.521 INFO [main] org.apache.catalina.startup.VersionLoggerListener.log JVM Version:           17.0.9+11-LTS-201
18-Jul-2024 12:09:59.521 INFO [main] org.apache.catalina.startup.VersionLoggerListener.log JVM Vendor:            Oracle Corporation
18-Jul-2024 12:09:59.521 INFO [main] org.apache.catalina.startup.VersionLoggerListener.log CATALINA_BASE:         D:\LIVE PROJECTS\ITBIS\tbis_api_server\Tomcat_10.1
18-Jul-2024 12:09:59.521 INFO [main] org.apache.catalina.startup.VersionLoggerListener.log CATALINA_HOME:         D:\LIVE PROJECTS\ITBIS\tbis_api_server\Tomcat_10.1
18-Jul-2024 12:09:59.527 INFO [main] org.apache.catalina.startup.VersionLoggerListener.log Command line argument: -Djava.util.logging.config.file=D:\LIVE PROJECTS\ITBIS\tbis_api_server\Tomcat_10.1\conf\logging.properties
18-Jul-2024 12:09:59.528 INFO [main] org.apache.catalina.startup.VersionLoggerListener.log Command line argument: -Djava.util.logging.manager=org.apache.juli.ClassLoaderLogManager
18-Jul-2024 12:09:59.528 INFO [main] org.apache.catalina.startup.VersionLoggerListener.log Command line argument: -Djdk.tls.ephemeralDHKeySize=2048
18-Jul-2024 12:09:59.528 INFO [main] org.apache.catalina.startup.VersionLoggerListener.log Command line argument: -Djava.protocol.handler.pkgs=org.apache.catalina.webresources
18-Jul-2024 12:09:59.528 INFO [main] org.apache.catalina.startup.VersionLoggerListener.log Command line argument: --add-opens=java.base/java.lang=ALL-UNNAMED
18-Jul-2024 12:09:59.528 INFO [main] org.apache.catalina.startup.VersionLoggerListener.log Command line argument: --add-opens=java.base/java.io=ALL-UNNAMED
18-Jul-2024 12:09:59.529 INFO [main] org.apache.catalina.startup.VersionLoggerListener.log Command line argument: --add-opens=java.base/java.util=ALL-UNNAMED
18-Jul-2024 12:09:59.529 INFO [main] org.apache.catalina.startup.VersionLoggerListener.log Command line argument: --add-opens=java.base/java.util.concurrent=ALL-UNNAMED
18-Jul-2024 12:09:59.529 INFO [main] org.apache.catalina.startup.VersionLoggerListener.log Command line argument: --add-opens=java.rmi/sun.rmi.transport=ALL-UNNAMED
18-Jul-2024 12:09:59.530 INFO [main] org.apache.catalina.startup.VersionLoggerListener.log Command line argument: -Dcatalina.base=D:\LIVE PROJECTS\ITBIS\tbis_api_server\Tomcat_10.1
18-Jul-2024 12:09:59.530 INFO [main] org.apache.catalina.startup.VersionLoggerListener.log Command line argument: -Dcatalina.home=D:\LIVE PROJECTS\ITBIS\tbis_api_server\Tomcat_10.1
18-Jul-2024 12:09:59.530 INFO [main] org.apache.catalina.startup.VersionLoggerListener.log Command line argument: -Djava.io.tmpdir=D:\LIVE PROJECTS\ITBIS\tbis_api_server\Tomcat_10.1\temp
18-Jul-2024 12:09:59.542 INFO [main] org.apache.catalina.core.AprLifecycleListener.lifecycleEvent The Apache Tomcat Native library which allows using OpenSSL was not found on the java.library.path: [C:\Program Files\Java\jdk-17\bin;C:\Windows\Sun\Java\bin;C:\Windows\system32;C:\Windows;C:\Program Files\Common Files\Oracle\Java\javapath;C:\Python312\Scripts\;C:\Python312\;C:\Program Files\Microsoft\jdk-11.0.16.101-hotspot\bin;C:\Windows\System32\WindowsPowerShell\v1.0\;C:\Program Files\Python\Python37\Scripts\;C:\Program Files\Python\Python37\;C:\Users\ASUS\Scripts\;C:\Users\ASUS\;C:\Program Files\Microsoft MPI\Bin\;C:\Windows\system32;C:\Windows;C:\Windows\System32\Wbem;C:\Windows\System32\OpenSSH\;C:\Program Files\Microsoft SQL Server\130\Tools\Binn\;C:\Program Files\Microsoft SQL Server\Client SDK\ODBC\170\Tools\Binn\;C:\Program Files (x86)\Microsoft SQL Server\150\Tools\Binn\;C:\Program Files\Microsoft SQL Server\150\Tools\Binn\;C:\Program Files (x86)\Microsoft SQL Server\150\DTS\Binn\;C:\Program Files\Microsoft SQL Server\150\DTS\Binn\;C:\Users\ASUS\Lib\site-packages\pip;C:\Program Files\dotnet\;C:\Program Files\Git\cmd;C:\Program Files\gettext-iconv\bin;C:\Program Files\PuTTY\;C:\Program Files\Java\jdk-17\bin;C:\Program Files\GTK3-Runtime Win64\bin;C:\ProgramData\chocolatey\bin;C:\Users\ASUS\AppData\Roaming\nvm;C:\Program Files\nodejs;C:\Program Files\apache-maven-3.8.8-bin\apache-maven-3.8.8\bin;C:\Program Files\MySQL\MySQL Server 8.0\bin;C:\Program Files\MySQL\MySQL Shell 8.0\bin\;C:\Users\ASUS\AppData\Local\Microsoft\WindowsApps;C:\Program Files\Azure Data Studio\bin;C:\Users\ASUS\AppData\Local\Programs\Microsoft VS Code\bin;C:\Program Files\JetBrains\PyCharm Community Edition 2021.2.3\bin;;D:\CHAKRAS\Drivers\flutter\bin;C:\Users\ASUS\AppData\Local\GitHubDesktop\bin;C:\Program Files\wkhtmltopdf\bin\wkhtmltopdf.exe;C:\ProgramData\ASUS\GitHubDesktop\bin;C:\Users\ASUS\AppData\Roaming\npm;C:\Program Files\JetBrains\DataGrip 2023.2.3\bin;;C:\Users\ASUS\AppData\Roaming\nvm;C:\Program Files\nodejs;C:\src\flutter\bin;;.]
18-Jul-2024 12:09:59.762 INFO [main] org.apache.coyote.AbstractProtocol.init Initializing ProtocolHandler ["http-nio-8282"]
18-Jul-2024 12:09:59.784 INFO [main] org.apache.catalina.startup.Catalina.load Server initialization in [406] milliseconds
18-Jul-2024 12:09:59.820 INFO [main] org.apache.catalina.core.StandardService.startInternal Starting service [Catalina]
18-Jul-2024 12:09:59.820 INFO [main] org.apache.catalina.core.StandardEngine.startInternal Starting Servlet engine: [Apache Tomcat/10.1.9]
18-Jul-2024 12:09:59.840 INFO [main] org.apache.catalina.startup.HostConfig.deployDescriptor Deploying deployment descriptor [D:\LIVE PROJECTS\ITBIS\tbis_api_server\Tomcat_10.1\conf\Catalina\localhost\tbis.xml]
18-Jul-2024 12:09:59.852 WARNING [main] org.apache.catalina.startup.HostConfig.deployDescriptor The path attribute with value [/tbis] in deployment descriptor [D:\LIVE PROJECTS\ITBIS\tbis_api_server\Tomcat_10.1\conf\Catalina\localhost\tbis.xml] has been ignored
18-Jul-2024 12:10:03.115 INFO [main] org.apache.jasper.servlet.TldScanner.scanJars At least one JAR was scanned for TLDs yet contained no TLDs. Enable debug logging for this logger for a complete list of JARs that were scanned but no TLDs were found in them. Skipping unneeded JARs during scanning can improve startup time and JSP compilation time.
18-Jul-2024 12:10:04.630 INFO [main] org.apache.catalina.startup.HostConfig.deployDescriptor Deployment of deployment descriptor [D:\LIVE PROJECTS\ITBIS\tbis_api_server\Tomcat_10.1\conf\Catalina\localhost\tbis.xml] has finished in [4,790] ms
18-Jul-2024 12:10:04.631 INFO [main] org.apache.catalina.startup.HostConfig.deployDirectory Deploying web application directory [D:\LIVE PROJECTS\ITBIS\tbis_api_server\Tomcat_10.1\webapps\docs]
18-Jul-2024 12:10:04.869 INFO [main] org.apache.jasper.servlet.TldScanner.scanJars At least one JAR was scanned for TLDs yet contained no TLDs. Enable debug logging for this logger for a complete list of JARs that were scanned but no TLDs were found in them. Skipping unneeded JARs during scanning can improve startup time and JSP compilation time.
18-Jul-2024 12:10:04.871 INFO [main] org.apache.catalina.startup.HostConfig.deployDirectory Deployment of web application directory [D:\LIVE PROJECTS\ITBIS\tbis_api_server\Tomcat_10.1\webapps\docs] has finished in [240] ms
18-Jul-2024 12:10:04.871 INFO [main] org.apache.catalina.startup.HostConfig.deployDirectory Deploying web application directory [D:\LIVE PROJECTS\ITBIS\tbis_api_server\Tomcat_10.1\webapps\manager]
18-Jul-2024 12:10:05.122 INFO [main] org.apache.jasper.servlet.TldScanner.scanJars At least one JAR was scanned for TLDs yet contained no TLDs. Enable debug logging for this logger for a complete list of JARs that were scanned but no TLDs were found in them. Skipping unneeded JARs during scanning can improve startup time and JSP compilation time.
18-Jul-2024 12:10:05.127 INFO [main] org.apache.catalina.startup.HostConfig.deployDirectory Deployment of web application directory [D:\LIVE PROJECTS\ITBIS\tbis_api_server\Tomcat_10.1\webapps\manager] has finished in [256] ms
18-Jul-2024 12:10:05.127 INFO [main] org.apache.catalina.startup.HostConfig.deployDirectory Deploying web application directory [D:\LIVE PROJECTS\ITBIS\tbis_api_server\Tomcat_10.1\webapps\ROOT]
18-Jul-2024 12:10:05.352 INFO [main] org.apache.jasper.servlet.TldScanner.scanJars At least one JAR was scanned for TLDs yet contained no TLDs. Enable debug logging for this logger for a complete list of JARs that were scanned but no TLDs were found in them. Skipping unneeded JARs during scanning can improve startup time and JSP compilation time.
18-Jul-2024 12:10:05.354 INFO [main] org.apache.catalina.startup.HostConfig.deployDirectory Deployment of web application directory [D:\LIVE PROJECTS\ITBIS\tbis_api_server\Tomcat_10.1\webapps\ROOT] has finished in [227] ms
18-Jul-2024 12:10:05.355 INFO [main] org.apache.catalina.startup.HostConfig.deployDirectory Deploying web application directory [D:\LIVE PROJECTS\ITBIS\tbis_api_server\Tomcat_10.1\webapps\tbisapp]
18-Jul-2024 12:10:05.566 INFO [main] org.apache.jasper.servlet.TldScanner.scanJars At least one JAR was scanned for TLDs yet contained no TLDs. Enable debug logging for this logger for a complete list of JARs that were scanned but no TLDs were found in them. Skipping unneeded JARs during scanning can improve startup time and JSP compilation time.
18-Jul-2024 12:10:05.568 INFO [main] org.apache.catalina.startup.HostConfig.deployDirectory Deployment of web application directory [D:\LIVE PROJECTS\ITBIS\tbis_api_server\Tomcat_10.1\webapps\tbisapp] has finished in [213] ms
18-Jul-2024 12:10:05.570 INFO [main] org.apache.coyote.AbstractProtocol.start Starting ProtocolHandler ["http-nio-8282"]
18-Jul-2024 12:10:05.593 INFO [main] org.apache.catalina.startup.Catalina.start Server startup in [5808] milliseconds
18-Jul-2024 12:12:58.397 SEVERE [main] org.apache.catalina.startup.Catalina.stopServer No shutdown port configured. Shut down server through OS signal. Server not shut down.
18-Jul-2024 12:12:59.745 INFO [main] org.apache.catalina.startup.VersionLoggerListener.log Server version name:   Apache Tomcat/10.1.9
18-Jul-2024 12:12:59.750 INFO [main] org.apache.catalina.startup.VersionLoggerListener.log Server built:          May 9 2023 14:30:05 UTC
18-Jul-2024 12:12:59.751 INFO [main] org.apache.catalina.startup.VersionLoggerListener.log Server version number: 10.1.9.0
18-Jul-2024 12:12:59.751 INFO [main] org.apache.catalina.startup.VersionLoggerListener.log OS Name:               Windows 10
18-Jul-2024 12:12:59.751 INFO [main] org.apache.catalina.startup.VersionLoggerListener.log OS Version:            10.0
18-Jul-2024 12:12:59.751 INFO [main] org.apache.catalina.startup.VersionLoggerListener.log Architecture:          amd64
18-Jul-2024 12:12:59.751 INFO [main] org.apache.catalina.startup.VersionLoggerListener.log Java Home:             C:\Program Files\Java\jdk-17
18-Jul-2024 12:12:59.751 INFO [main] org.apache.catalina.startup.VersionLoggerListener.log JVM Version:           17.0.9+11-LTS-201
18-Jul-2024 12:12:59.751 INFO [main] org.apache.catalina.startup.VersionLoggerListener.log JVM Vendor:            Oracle Corporation
18-Jul-2024 12:12:59.751 INFO [main] org.apache.catalina.startup.VersionLoggerListener.log CATALINA_BASE:         D:\LIVE PROJECTS\ITBIS\tbis_api_server\Tomcat_10.1
18-Jul-2024 12:12:59.752 INFO [main] org.apache.catalina.startup.VersionLoggerListener.log CATALINA_HOME:         D:\LIVE PROJECTS\ITBIS\tbis_api_server\Tomcat_10.1
18-Jul-2024 12:12:59.759 INFO [main] org.apache.catalina.startup.VersionLoggerListener.log Command line argument: -Djava.util.logging.config.file=D:\LIVE PROJECTS\ITBIS\tbis_api_server\Tomcat_10.1\conf\logging.properties
18-Jul-2024 12:12:59.759 INFO [main] org.apache.catalina.startup.VersionLoggerListener.log Command line argument: -Djava.util.logging.manager=org.apache.juli.ClassLoaderLogManager
18-Jul-2024 12:12:59.759 INFO [main] org.apache.catalina.startup.VersionLoggerListener.log Command line argument: -Djdk.tls.ephemeralDHKeySize=2048
18-Jul-2024 12:12:59.759 INFO [main] org.apache.catalina.startup.VersionLoggerListener.log Command line argument: -Djava.protocol.handler.pkgs=org.apache.catalina.webresources
18-Jul-2024 12:12:59.759 INFO [main] org.apache.catalina.startup.VersionLoggerListener.log Command line argument: --add-opens=java.base/java.lang=ALL-UNNAMED
18-Jul-2024 12:12:59.760 INFO [main] org.apache.catalina.startup.VersionLoggerListener.log Command line argument: --add-opens=java.base/java.io=ALL-UNNAMED
18-Jul-2024 12:12:59.760 INFO [main] org.apache.catalina.startup.VersionLoggerListener.log Command line argument: --add-opens=java.base/java.util=ALL-UNNAMED
18-Jul-2024 12:12:59.760 INFO [main] org.apache.catalina.startup.VersionLoggerListener.log Command line argument: --add-opens=java.base/java.util.concurrent=ALL-UNNAMED
18-Jul-2024 12:12:59.761 INFO [main] org.apache.catalina.startup.VersionLoggerListener.log Command line argument: --add-opens=java.rmi/sun.rmi.transport=ALL-UNNAMED
18-Jul-2024 12:12:59.761 INFO [main] org.apache.catalina.startup.VersionLoggerListener.log Command line argument: -Dcatalina.base=D:\LIVE PROJECTS\ITBIS\tbis_api_server\Tomcat_10.1
18-Jul-2024 12:12:59.761 INFO [main] org.apache.catalina.startup.VersionLoggerListener.log Command line argument: -Dcatalina.home=D:\LIVE PROJECTS\ITBIS\tbis_api_server\Tomcat_10.1
18-Jul-2024 12:12:59.761 INFO [main] org.apache.catalina.startup.VersionLoggerListener.log Command line argument: -Djava.io.tmpdir=D:\LIVE PROJECTS\ITBIS\tbis_api_server\Tomcat_10.1\temp
18-Jul-2024 12:12:59.773 INFO [main] org.apache.catalina.core.AprLifecycleListener.lifecycleEvent The Apache Tomcat Native library which allows using OpenSSL was not found on the java.library.path: [C:\Program Files\Java\jdk-17\bin;C:\Windows\Sun\Java\bin;C:\Windows\system32;C:\Windows;C:\Program Files\Common Files\Oracle\Java\javapath;C:\Python312\Scripts\;C:\Python312\;C:\Program Files\Microsoft\jdk-11.0.16.101-hotspot\bin;C:\Windows\System32\WindowsPowerShell\v1.0\;C:\Program Files\Python\Python37\Scripts\;C:\Program Files\Python\Python37\;C:\Users\ASUS\Scripts\;C:\Users\ASUS\;C:\Program Files\Microsoft MPI\Bin\;C:\Windows\system32;C:\Windows;C:\Windows\System32\Wbem;C:\Windows\System32\OpenSSH\;C:\Program Files\Microsoft SQL Server\130\Tools\Binn\;C:\Program Files\Microsoft SQL Server\Client SDK\ODBC\170\Tools\Binn\;C:\Program Files (x86)\Microsoft SQL Server\150\Tools\Binn\;C:\Program Files\Microsoft SQL Server\150\Tools\Binn\;C:\Program Files (x86)\Microsoft SQL Server\150\DTS\Binn\;C:\Program Files\Microsoft SQL Server\150\DTS\Binn\;C:\Users\ASUS\Lib\site-packages\pip;C:\Program Files\dotnet\;C:\Program Files\Git\cmd;C:\Program Files\gettext-iconv\bin;C:\Program Files\PuTTY\;C:\Program Files\Java\jdk-17\bin;C:\Program Files\GTK3-Runtime Win64\bin;C:\ProgramData\chocolatey\bin;C:\Users\ASUS\AppData\Roaming\nvm;C:\Program Files\nodejs;C:\Program Files\apache-maven-3.8.8-bin\apache-maven-3.8.8\bin;C:\Program Files\MySQL\MySQL Server 8.0\bin;C:\Program Files\MySQL\MySQL Shell 8.0\bin\;C:\Users\ASUS\AppData\Local\Microsoft\WindowsApps;C:\Program Files\Azure Data Studio\bin;C:\Users\ASUS\AppData\Local\Programs\Microsoft VS Code\bin;C:\Program Files\JetBrains\PyCharm Community Edition 2021.2.3\bin;;D:\CHAKRAS\Drivers\flutter\bin;C:\Users\ASUS\AppData\Local\GitHubDesktop\bin;C:\Program Files\wkhtmltopdf\bin\wkhtmltopdf.exe;C:\ProgramData\ASUS\GitHubDesktop\bin;C:\Users\ASUS\AppData\Roaming\npm;C:\Program Files\JetBrains\DataGrip 2023.2.3\bin;;C:\Users\ASUS\AppData\Roaming\nvm;C:\Program Files\nodejs;C:\src\flutter\bin;;.]
18-Jul-2024 12:12:59.950 INFO [main] org.apache.coyote.AbstractProtocol.init Initializing ProtocolHandler ["http-nio-8282"]
18-Jul-2024 12:12:59.967 INFO [main] org.apache.catalina.startup.Catalina.load Server initialization in [355] milliseconds
18-Jul-2024 12:13:00.001 INFO [main] org.apache.catalina.core.StandardService.startInternal Starting service [Catalina]
18-Jul-2024 12:13:00.002 INFO [main] org.apache.catalina.core.StandardEngine.startInternal Starting Servlet engine: [Apache Tomcat/10.1.9]
18-Jul-2024 12:13:00.024 INFO [main] org.apache.catalina.startup.HostConfig.deployDescriptor Deploying deployment descriptor [D:\LIVE PROJECTS\ITBIS\tbis_api_server\Tomcat_10.1\conf\Catalina\localhost\tbis.xml]
18-Jul-2024 12:13:00.036 WARNING [main] org.apache.catalina.startup.HostConfig.deployDescriptor The path attribute with value [/tbis] in deployment descriptor [D:\LIVE PROJECTS\ITBIS\tbis_api_server\Tomcat_10.1\conf\Catalina\localhost\tbis.xml] has been ignored
18-Jul-2024 12:13:02.864 INFO [main] org.apache.jasper.servlet.TldScanner.scanJars At least one JAR was scanned for TLDs yet contained no TLDs. Enable debug logging for this logger for a complete list of JARs that were scanned but no TLDs were found in them. Skipping unneeded JARs during scanning can improve startup time and JSP compilation time.
18-Jul-2024 12:13:04.394 INFO [main] org.apache.catalina.startup.HostConfig.deployDescriptor Deployment of deployment descriptor [D:\LIVE PROJECTS\ITBIS\tbis_api_server\Tomcat_10.1\conf\Catalina\localhost\tbis.xml] has finished in [4,370] ms
18-Jul-2024 12:13:04.395 INFO [main] org.apache.catalina.startup.HostConfig.deployDirectory Deploying web application directory [D:\LIVE PROJECTS\ITBIS\tbis_api_server\Tomcat_10.1\webapps\docs]
18-Jul-2024 12:13:04.650 INFO [main] org.apache.jasper.servlet.TldScanner.scanJars At least one JAR was scanned for TLDs yet contained no TLDs. Enable debug logging for this logger for a complete list of JARs that were scanned but no TLDs were found in them. Skipping unneeded JARs during scanning can improve startup time and JSP compilation time.
18-Jul-2024 12:13:04.652 INFO [main] org.apache.catalina.startup.HostConfig.deployDirectory Deployment of web application directory [D:\LIVE PROJECTS\ITBIS\tbis_api_server\Tomcat_10.1\webapps\docs] has finished in [258] ms
18-Jul-2024 12:13:04.652 INFO [main] org.apache.catalina.startup.HostConfig.deployDirectory Deploying web application directory [D:\LIVE PROJECTS\ITBIS\tbis_api_server\Tomcat_10.1\webapps\manager]
18-Jul-2024 12:13:04.906 INFO [main] org.apache.jasper.servlet.TldScanner.scanJars At least one JAR was scanned for TLDs yet contained no TLDs. Enable debug logging for this logger for a complete list of JARs that were scanned but no TLDs were found in them. Skipping unneeded JARs during scanning can improve startup time and JSP compilation time.
18-Jul-2024 12:13:04.912 INFO [main] org.apache.catalina.startup.HostConfig.deployDirectory Deployment of web application directory [D:\LIVE PROJECTS\ITBIS\tbis_api_server\Tomcat_10.1\webapps\manager] has finished in [260] ms
18-Jul-2024 12:13:04.912 INFO [main] org.apache.catalina.startup.HostConfig.deployDirectory Deploying web application directory [D:\LIVE PROJECTS\ITBIS\tbis_api_server\Tomcat_10.1\webapps\ROOT]
18-Jul-2024 12:13:05.145 INFO [main] org.apache.jasper.servlet.TldScanner.scanJars At least one JAR was scanned for TLDs yet contained no TLDs. Enable debug logging for this logger for a complete list of JARs that were scanned but no TLDs were found in them. Skipping unneeded JARs during scanning can improve startup time and JSP compilation time.
18-Jul-2024 12:13:05.147 INFO [main] org.apache.catalina.startup.HostConfig.deployDirectory Deployment of web application directory [D:\LIVE PROJECTS\ITBIS\tbis_api_server\Tomcat_10.1\webapps\ROOT] has finished in [235] ms
18-Jul-2024 12:13:05.148 INFO [main] org.apache.catalina.startup.HostConfig.deployDirectory Deploying web application directory [D:\LIVE PROJECTS\ITBIS\tbis_api_server\Tomcat_10.1\webapps\tbisapp]
18-Jul-2024 12:13:05.347 INFO [main] org.apache.jasper.servlet.TldScanner.scanJars At least one JAR was scanned for TLDs yet contained no TLDs. Enable debug logging for this logger for a complete list of JARs that were scanned but no TLDs were found in them. Skipping unneeded JARs during scanning can improve startup time and JSP compilation time.
18-Jul-2024 12:13:05.349 INFO [main] org.apache.catalina.startup.HostConfig.deployDirectory Deployment of web application directory [D:\LIVE PROJECTS\ITBIS\tbis_api_server\Tomcat_10.1\webapps\tbisapp] has finished in [200] ms
18-Jul-2024 12:13:05.352 INFO [main] org.apache.coyote.AbstractProtocol.start Starting ProtocolHandler ["http-nio-8282"]
18-Jul-2024 12:13:05.369 INFO [main] org.apache.catalina.startup.Catalina.start Server startup in [5401] milliseconds
18-Jul-2024 12:18:00.825 SEVERE [main] org.apache.catalina.startup.Catalina.stopServer No shutdown port configured. Shut down server through OS signal. Server not shut down.
18-Jul-2024 12:18:01.983 INFO [main] org.apache.catalina.startup.VersionLoggerListener.log Server version name:   Apache Tomcat/10.1.9
18-Jul-2024 12:18:01.987 INFO [main] org.apache.catalina.startup.VersionLoggerListener.log Server built:          May 9 2023 14:30:05 UTC
18-Jul-2024 12:18:01.987 INFO [main] org.apache.catalina.startup.VersionLoggerListener.log Server version number: 10.1.9.0
18-Jul-2024 12:18:01.987 INFO [main] org.apache.catalina.startup.VersionLoggerListener.log OS Name:               Windows 10
18-Jul-2024 12:18:01.987 INFO [main] org.apache.catalina.startup.VersionLoggerListener.log OS Version:            10.0
18-Jul-2024 12:18:01.987 INFO [main] org.apache.catalina.startup.VersionLoggerListener.log Architecture:          amd64
18-Jul-2024 12:18:01.988 INFO [main] org.apache.catalina.startup.VersionLoggerListener.log Java Home:             C:\Program Files\Java\jdk-17
18-Jul-2024 12:18:01.988 INFO [main] org.apache.catalina.startup.VersionLoggerListener.log JVM Version:           17.0.9+11-LTS-201
18-Jul-2024 12:18:01.988 INFO [main] org.apache.catalina.startup.VersionLoggerListener.log JVM Vendor:            Oracle Corporation
18-Jul-2024 12:18:01.988 INFO [main] org.apache.catalina.startup.VersionLoggerListener.log CATALINA_BASE:         D:\LIVE PROJECTS\ITBIS\tbis_api_server\Tomcat_10.1
18-Jul-2024 12:18:01.988 INFO [main] org.apache.catalina.startup.VersionLoggerListener.log CATALINA_HOME:         D:\LIVE PROJECTS\ITBIS\tbis_api_server\Tomcat_10.1
18-Jul-2024 12:18:01.995 INFO [main] org.apache.catalina.startup.VersionLoggerListener.log Command line argument: -Djava.util.logging.config.file=D:\LIVE PROJECTS\ITBIS\tbis_api_server\Tomcat_10.1\conf\logging.properties
18-Jul-2024 12:18:01.995 INFO [main] org.apache.catalina.startup.VersionLoggerListener.log Command line argument: -Djava.util.logging.manager=org.apache.juli.ClassLoaderLogManager
18-Jul-2024 12:18:01.995 INFO [main] org.apache.catalina.startup.VersionLoggerListener.log Command line argument: -Djdk.tls.ephemeralDHKeySize=2048
18-Jul-2024 12:18:01.996 INFO [main] org.apache.catalina.startup.VersionLoggerListener.log Command line argument: -Djava.protocol.handler.pkgs=org.apache.catalina.webresources
18-Jul-2024 12:18:01.996 INFO [main] org.apache.catalina.startup.VersionLoggerListener.log Command line argument: --add-opens=java.base/java.lang=ALL-UNNAMED
18-Jul-2024 12:18:01.996 INFO [main] org.apache.catalina.startup.VersionLoggerListener.log Command line argument: --add-opens=java.base/java.io=ALL-UNNAMED
18-Jul-2024 12:18:01.996 INFO [main] org.apache.catalina.startup.VersionLoggerListener.log Command line argument: --add-opens=java.base/java.util=ALL-UNNAMED
18-Jul-2024 12:18:01.997 INFO [main] org.apache.catalina.startup.VersionLoggerListener.log Command line argument: --add-opens=java.base/java.util.concurrent=ALL-UNNAMED
18-Jul-2024 12:18:01.997 INFO [main] org.apache.catalina.startup.VersionLoggerListener.log Command line argument: --add-opens=java.rmi/sun.rmi.transport=ALL-UNNAMED
18-Jul-2024 12:18:01.997 INFO [main] org.apache.catalina.startup.VersionLoggerListener.log Command line argument: -Dcatalina.base=D:\LIVE PROJECTS\ITBIS\tbis_api_server\Tomcat_10.1
18-Jul-2024 12:18:01.997 INFO [main] org.apache.catalina.startup.VersionLoggerListener.log Command line argument: -Dcatalina.home=D:\LIVE PROJECTS\ITBIS\tbis_api_server\Tomcat_10.1
18-Jul-2024 12:18:01.998 INFO [main] org.apache.catalina.startup.VersionLoggerListener.log Command line argument: -Djava.io.tmpdir=D:\LIVE PROJECTS\ITBIS\tbis_api_server\Tomcat_10.1\temp
18-Jul-2024 12:18:02.010 INFO [main] org.apache.catalina.core.AprLifecycleListener.lifecycleEvent The Apache Tomcat Native library which allows using OpenSSL was not found on the java.library.path: [C:\Program Files\Java\jdk-17\bin;C:\Windows\Sun\Java\bin;C:\Windows\system32;C:\Windows;C:\Program Files\Common Files\Oracle\Java\javapath;C:\Python312\Scripts\;C:\Python312\;C:\Program Files\Microsoft\jdk-11.0.16.101-hotspot\bin;C:\Windows\System32\WindowsPowerShell\v1.0\;C:\Program Files\Python\Python37\Scripts\;C:\Program Files\Python\Python37\;C:\Users\ASUS\Scripts\;C:\Users\ASUS\;C:\Program Files\Microsoft MPI\Bin\;C:\Windows\system32;C:\Windows;C:\Windows\System32\Wbem;C:\Windows\System32\OpenSSH\;C:\Program Files\Microsoft SQL Server\130\Tools\Binn\;C:\Program Files\Microsoft SQL Server\Client SDK\ODBC\170\Tools\Binn\;C:\Program Files (x86)\Microsoft SQL Server\150\Tools\Binn\;C:\Program Files\Microsoft SQL Server\150\Tools\Binn\;C:\Program Files (x86)\Microsoft SQL Server\150\DTS\Binn\;C:\Program Files\Microsoft SQL Server\150\DTS\Binn\;C:\Users\ASUS\Lib\site-packages\pip;C:\Program Files\dotnet\;C:\Program Files\Git\cmd;C:\Program Files\gettext-iconv\bin;C:\Program Files\PuTTY\;C:\Program Files\Java\jdk-17\bin;C:\Program Files\GTK3-Runtime Win64\bin;C:\ProgramData\chocolatey\bin;C:\Users\ASUS\AppData\Roaming\nvm;C:\Program Files\nodejs;C:\Program Files\apache-maven-3.8.8-bin\apache-maven-3.8.8\bin;C:\Program Files\MySQL\MySQL Server 8.0\bin;C:\Program Files\MySQL\MySQL Shell 8.0\bin\;C:\Users\ASUS\AppData\Local\Microsoft\WindowsApps;C:\Program Files\Azure Data Studio\bin;C:\Users\ASUS\AppData\Local\Programs\Microsoft VS Code\bin;C:\Program Files\JetBrains\PyCharm Community Edition 2021.2.3\bin;;D:\CHAKRAS\Drivers\flutter\bin;C:\Users\ASUS\AppData\Local\GitHubDesktop\bin;C:\Program Files\wkhtmltopdf\bin\wkhtmltopdf.exe;C:\ProgramData\ASUS\GitHubDesktop\bin;C:\Users\ASUS\AppData\Roaming\npm;C:\Program Files\JetBrains\DataGrip 2023.2.3\bin;;C:\Users\ASUS\AppData\Roaming\nvm;C:\Program Files\nodejs;C:\src\flutter\bin;;.]
18-Jul-2024 12:18:02.167 INFO [main] org.apache.coyote.AbstractProtocol.init Initializing ProtocolHandler ["http-nio-8282"]
18-Jul-2024 12:18:02.198 INFO [main] org.apache.catalina.startup.Catalina.load Server initialization in [353] milliseconds
18-Jul-2024 12:18:02.230 INFO [main] org.apache.catalina.core.StandardService.startInternal Starting service [Catalina]
18-Jul-2024 12:18:02.231 INFO [main] org.apache.catalina.core.StandardEngine.startInternal Starting Servlet engine: [Apache Tomcat/10.1.9]
18-Jul-2024 12:18:02.251 INFO [main] org.apache.catalina.startup.HostConfig.deployDescriptor Deploying deployment descriptor [D:\LIVE PROJECTS\ITBIS\tbis_api_server\Tomcat_10.1\conf\Catalina\localhost\tbis.xml]
18-Jul-2024 12:18:02.264 WARNING [main] org.apache.catalina.startup.HostConfig.deployDescriptor The path attribute with value [/tbis] in deployment descriptor [D:\LIVE PROJECTS\ITBIS\tbis_api_server\Tomcat_10.1\conf\Catalina\localhost\tbis.xml] has been ignored
18-Jul-2024 12:18:05.117 INFO [main] org.apache.jasper.servlet.TldScanner.scanJars At least one JAR was scanned for TLDs yet contained no TLDs. Enable debug logging for this logger for a complete list of JARs that were scanned but no TLDs were found in them. Skipping unneeded JARs during scanning can improve startup time and JSP compilation time.
18-Jul-2024 12:18:06.660 INFO [main] org.apache.catalina.startup.HostConfig.deployDescriptor Deployment of deployment descriptor [D:\LIVE PROJECTS\ITBIS\tbis_api_server\Tomcat_10.1\conf\Catalina\localhost\tbis.xml] has finished in [4,409] ms
18-Jul-2024 12:18:06.661 INFO [main] org.apache.catalina.startup.HostConfig.deployDirectory Deploying web application directory [D:\LIVE PROJECTS\ITBIS\tbis_api_server\Tomcat_10.1\webapps\docs]
18-Jul-2024 12:18:06.925 INFO [main] org.apache.jasper.servlet.TldScanner.scanJars At least one JAR was scanned for TLDs yet contained no TLDs. Enable debug logging for this logger for a complete list of JARs that were scanned but no TLDs were found in them. Skipping unneeded JARs during scanning can improve startup time and JSP compilation time.
18-Jul-2024 12:18:06.927 INFO [main] org.apache.catalina.startup.HostConfig.deployDirectory Deployment of web application directory [D:\LIVE PROJECTS\ITBIS\tbis_api_server\Tomcat_10.1\webapps\docs] has finished in [266] ms
18-Jul-2024 12:18:06.928 INFO [main] org.apache.catalina.startup.HostConfig.deployDirectory Deploying web application directory [D:\LIVE PROJECTS\ITBIS\tbis_api_server\Tomcat_10.1\webapps\manager]
18-Jul-2024 12:18:07.179 INFO [main] org.apache.jasper.servlet.TldScanner.scanJars At least one JAR was scanned for TLDs yet contained no TLDs. Enable debug logging for this logger for a complete list of JARs that were scanned but no TLDs were found in them. Skipping unneeded JARs during scanning can improve startup time and JSP compilation time.
18-Jul-2024 12:18:07.183 INFO [main] org.apache.catalina.startup.HostConfig.deployDirectory Deployment of web application directory [D:\LIVE PROJECTS\ITBIS\tbis_api_server\Tomcat_10.1\webapps\manager] has finished in [255] ms
18-Jul-2024 12:18:07.184 INFO [main] org.apache.catalina.startup.HostConfig.deployDirectory Deploying web application directory [D:\LIVE PROJECTS\ITBIS\tbis_api_server\Tomcat_10.1\webapps\ROOT]
18-Jul-2024 12:18:07.409 INFO [main] org.apache.jasper.servlet.TldScanner.scanJars At least one JAR was scanned for TLDs yet contained no TLDs. Enable debug logging for this logger for a complete list of JARs that were scanned but no TLDs were found in them. Skipping unneeded JARs during scanning can improve startup time and JSP compilation time.
18-Jul-2024 12:18:07.411 INFO [main] org.apache.catalina.startup.HostConfig.deployDirectory Deployment of web application directory [D:\LIVE PROJECTS\ITBIS\tbis_api_server\Tomcat_10.1\webapps\ROOT] has finished in [227] ms
18-Jul-2024 12:18:07.411 INFO [main] org.apache.catalina.startup.HostConfig.deployDirectory Deploying web application directory [D:\LIVE PROJECTS\ITBIS\tbis_api_server\Tomcat_10.1\webapps\tbisapp]
18-Jul-2024 12:18:07.606 INFO [main] org.apache.jasper.servlet.TldScanner.scanJars At least one JAR was scanned for TLDs yet contained no TLDs. Enable debug logging for this logger for a complete list of JARs that were scanned but no TLDs were found in them. Skipping unneeded JARs during scanning can improve startup time and JSP compilation time.
18-Jul-2024 12:18:07.606 INFO [main] org.apache.catalina.startup.HostConfig.deployDirectory Deployment of web application directory [D:\LIVE PROJECTS\ITBIS\tbis_api_server\Tomcat_10.1\webapps\tbisapp] has finished in [195] ms
18-Jul-2024 12:18:07.606 INFO [main] org.apache.coyote.AbstractProtocol.start Starting ProtocolHandler ["http-nio-8282"]
18-Jul-2024 12:18:07.634 INFO [main] org.apache.catalina.startup.Catalina.start Server startup in [5434] milliseconds
18-Jul-2024 13:12:18.565 INFO [Catalina-utility-2] org.apache.catalina.startup.HostConfig.undeploy Undeploying context [/tbis]
18-Jul-2024 13:12:18.675 INFO [Catalina-utility-2] org.apache.catalina.startup.HostConfig.deployDescriptor Deploying deployment descriptor [D:\LIVE PROJECTS\ITBIS\tbis_api_server\Tomcat_10.1\conf\Catalina\localhost\tbis.xml]
18-Jul-2024 13:12:18.680 WARNING [Catalina-utility-2] org.apache.catalina.startup.HostConfig.deployDescriptor The path attribute with value [/tbis] in deployment descriptor [D:\LIVE PROJECTS\ITBIS\tbis_api_server\Tomcat_10.1\conf\Catalina\localhost\tbis.xml] has been ignored
18-Jul-2024 13:12:21.716 INFO [Catalina-utility-2] org.apache.jasper.servlet.TldScanner.scanJars At least one JAR was scanned for TLDs yet contained no TLDs. Enable debug logging for this logger for a complete list of JARs that were scanned but no TLDs were found in them. Skipping unneeded JARs during scanning can improve startup time and JSP compilation time.
18-Jul-2024 13:12:22.940 INFO [Catalina-utility-2] org.apache.catalina.startup.HostConfig.deployDescriptor Deployment of deployment descriptor [D:\LIVE PROJECTS\ITBIS\tbis_api_server\Tomcat_10.1\conf\Catalina\localhost\tbis.xml] has finished in [4,264] ms
