27-Jun-2024 09:25:13.627 INFO [main] org.apache.catalina.startup.VersionLoggerListener.log Server version name:   Apache Tomcat/10.1.9
27-Jun-2024 09:25:13.632 INFO [main] org.apache.catalina.startup.VersionLoggerListener.log Server built:          May 9 2023 14:30:05 UTC
27-Jun-2024 09:25:13.632 INFO [main] org.apache.catalina.startup.VersionLoggerListener.log Server version number: 10.1.9.0
27-Jun-2024 09:25:13.632 INFO [main] org.apache.catalina.startup.VersionLoggerListener.log OS Name:               Windows 10
27-Jun-2024 09:25:13.632 INFO [main] org.apache.catalina.startup.VersionLoggerListener.log OS Version:            10.0
27-Jun-2024 09:25:13.633 INFO [main] org.apache.catalina.startup.VersionLoggerListener.log Architecture:          amd64
27-Jun-2024 09:25:13.633 INFO [main] org.apache.catalina.startup.VersionLoggerListener.log Java Home:             C:\Program Files\Java\jdk-17
27-Jun-2024 09:25:13.633 INFO [main] org.apache.catalina.startup.VersionLoggerListener.log JVM Version:           17.0.9+11-LTS-201
27-Jun-2024 09:25:13.633 INFO [main] org.apache.catalina.startup.VersionLoggerListener.log JVM Vendor:            Oracle Corporation
27-Jun-2024 09:25:13.633 INFO [main] org.apache.catalina.startup.VersionLoggerListener.log CATALINA_BASE:         D:\LIVE PROJECTS\ITBIS\tbis_api_server\Tomcat_10.1
27-Jun-2024 09:25:13.633 INFO [main] org.apache.catalina.startup.VersionLoggerListener.log CATALINA_HOME:         D:\LIVE PROJECTS\ITBIS\tbis_api_server\Tomcat_10.1
27-Jun-2024 09:25:13.651 INFO [main] org.apache.catalina.startup.VersionLoggerListener.log Command line argument: -Djava.util.logging.config.file=D:\LIVE PROJECTS\ITBIS\tbis_api_server\Tomcat_10.1\conf\logging.properties
27-Jun-2024 09:25:13.651 INFO [main] org.apache.catalina.startup.VersionLoggerListener.log Command line argument: -Djava.util.logging.manager=org.apache.juli.ClassLoaderLogManager
27-Jun-2024 09:25:13.651 INFO [main] org.apache.catalina.startup.VersionLoggerListener.log Command line argument: -Djdk.tls.ephemeralDHKeySize=2048
27-Jun-2024 09:25:13.651 INFO [main] org.apache.catalina.startup.VersionLoggerListener.log Command line argument: -Djava.protocol.handler.pkgs=org.apache.catalina.webresources
27-Jun-2024 09:25:13.651 INFO [main] org.apache.catalina.startup.VersionLoggerListener.log Command line argument: --add-opens=java.base/java.lang=ALL-UNNAMED
27-Jun-2024 09:25:13.651 INFO [main] org.apache.catalina.startup.VersionLoggerListener.log Command line argument: --add-opens=java.base/java.io=ALL-UNNAMED
27-Jun-2024 09:25:13.652 INFO [main] org.apache.catalina.startup.VersionLoggerListener.log Command line argument: --add-opens=java.base/java.util=ALL-UNNAMED
27-Jun-2024 09:25:13.654 INFO [main] org.apache.catalina.startup.VersionLoggerListener.log Command line argument: --add-opens=java.base/java.util.concurrent=ALL-UNNAMED
27-Jun-2024 09:25:13.655 INFO [main] org.apache.catalina.startup.VersionLoggerListener.log Command line argument: --add-opens=java.rmi/sun.rmi.transport=ALL-UNNAMED
27-Jun-2024 09:25:13.656 INFO [main] org.apache.catalina.startup.VersionLoggerListener.log Command line argument: -Dcatalina.base=D:\LIVE PROJECTS\ITBIS\tbis_api_server\Tomcat_10.1
27-Jun-2024 09:25:13.656 INFO [main] org.apache.catalina.startup.VersionLoggerListener.log Command line argument: -Dcatalina.home=D:\LIVE PROJECTS\ITBIS\tbis_api_server\Tomcat_10.1
27-Jun-2024 09:25:13.656 INFO [main] org.apache.catalina.startup.VersionLoggerListener.log Command line argument: -Djava.io.tmpdir=D:\LIVE PROJECTS\ITBIS\tbis_api_server\Tomcat_10.1\temp
27-Jun-2024 09:25:13.669 INFO [main] org.apache.catalina.core.AprLifecycleListener.lifecycleEvent The Apache Tomcat Native library which allows using OpenSSL was not found on the java.library.path: [C:\Program Files\Java\jdk-17\bin;C:\Windows\Sun\Java\bin;C:\Windows\system32;C:\Windows;C:\Program Files\Common Files\Oracle\Java\javapath;C:\Python312\Scripts\;C:\Python312\;C:\Program Files\Microsoft\jdk-11.0.16.101-hotspot\bin;C:\Windows\System32\WindowsPowerShell\v1.0\;C:\Program Files\Python\Python37\Scripts\;C:\Program Files\Python\Python37\;C:\Users\ASUS\Scripts\;C:\Users\ASUS\;C:\Program Files\Microsoft MPI\Bin\;C:\Windows\system32;C:\Windows;C:\Windows\System32\Wbem;C:\Windows\System32\OpenSSH\;C:\Program Files\Microsoft SQL Server\130\Tools\Binn\;C:\Program Files\Microsoft SQL Server\Client SDK\ODBC\170\Tools\Binn\;C:\Program Files (x86)\Microsoft SQL Server\150\Tools\Binn\;C:\Program Files\Microsoft SQL Server\150\Tools\Binn\;C:\Program Files (x86)\Microsoft SQL Server\150\DTS\Binn\;C:\Program Files\Microsoft SQL Server\150\DTS\Binn\;C:\Users\ASUS\Lib\site-packages\pip;C:\Program Files\dotnet\;C:\Program Files\Git\cmd;C:\Program Files\gettext-iconv\bin;C:\Program Files\PuTTY\;C:\Program Files\Java\jdk-17\bin;C:\Program Files\GTK3-Runtime Win64\bin;C:\Program Files (x86)\Windows Kits\10\Windows Performance Toolkit\;C:\ProgramData\chocolatey\bin;C:\Users\ASUS\AppData\Roaming\nvm;C:\Program Files\nodejs;C:\Program Files\apache-maven-3.8.8-bin\apache-maven-3.8.8\bin;C:\Program Files\MySQL\MySQL Shell 8.0\bin\;C:\Users\ASUS\AppData\Local\Microsoft\WindowsApps;C:\Program Files\Azure Data Studio\bin;C:\Users\ASUS\AppData\Local\Programs\Microsoft VS Code\bin;C:\Program Files\JetBrains\PyCharm Community Edition 2021.2.3\bin;;D:\CHAKRAS\Drivers\flutter\bin;C:\Users\ASUS\AppData\Local\GitHubDesktop\bin;C:\Program Files\wkhtmltopdf\bin\wkhtmltopdf.exe;C:\ProgramData\ASUS\GitHubDesktop\bin;C:\Users\ASUS\.dotnet\tools;C:\Users\ASUS\AppData\Roaming\npm;C:\Program Files\JetBrains\DataGrip 2023.2.3\bin;;C:\Users\ASUS\AppData\Roaming\nvm;C:\Program Files\nodejs;.]
27-Jun-2024 09:25:13.891 INFO [main] org.apache.coyote.AbstractProtocol.init Initializing ProtocolHandler ["http-nio-8282"]
27-Jun-2024 09:25:13.915 INFO [main] org.apache.catalina.startup.Catalina.load Server initialization in [478] milliseconds
27-Jun-2024 09:25:13.954 INFO [main] org.apache.catalina.core.StandardService.startInternal Starting service [Catalina]
27-Jun-2024 09:25:13.955 INFO [main] org.apache.catalina.core.StandardEngine.startInternal Starting Servlet engine: [Apache Tomcat/10.1.9]
27-Jun-2024 09:25:13.983 INFO [main] org.apache.catalina.startup.HostConfig.deployDescriptor Deploying deployment descriptor [D:\LIVE PROJECTS\ITBIS\tbis_api_server\Tomcat_10.1\conf\Catalina\localhost\tbis.xml]
27-Jun-2024 09:25:13.998 WARNING [main] org.apache.catalina.startup.HostConfig.deployDescriptor The path attribute with value [/tbis] in deployment descriptor [D:\LIVE PROJECTS\ITBIS\tbis_api_server\Tomcat_10.1\conf\Catalina\localhost\tbis.xml] has been ignored
27-Jun-2024 09:25:18.681 INFO [main] org.apache.jasper.servlet.TldScanner.scanJars At least one JAR was scanned for TLDs yet contained no TLDs. Enable debug logging for this logger for a complete list of JARs that were scanned but no TLDs were found in them. Skipping unneeded JARs during scanning can improve startup time and JSP compilation time.
27-Jun-2024 09:25:20.227 INFO [main] org.apache.catalina.startup.HostConfig.deployDescriptor Deployment of deployment descriptor [D:\LIVE PROJECTS\ITBIS\tbis_api_server\Tomcat_10.1\conf\Catalina\localhost\tbis.xml] has finished in [6,244] ms
27-Jun-2024 09:25:20.228 INFO [main] org.apache.catalina.startup.HostConfig.deployDirectory Deploying web application directory [D:\LIVE PROJECTS\ITBIS\tbis_api_server\Tomcat_10.1\webapps\docs]
27-Jun-2024 09:25:20.491 INFO [main] org.apache.jasper.servlet.TldScanner.scanJars At least one JAR was scanned for TLDs yet contained no TLDs. Enable debug logging for this logger for a complete list of JARs that were scanned but no TLDs were found in them. Skipping unneeded JARs during scanning can improve startup time and JSP compilation time.
27-Jun-2024 09:25:20.494 INFO [main] org.apache.catalina.startup.HostConfig.deployDirectory Deployment of web application directory [D:\LIVE PROJECTS\ITBIS\tbis_api_server\Tomcat_10.1\webapps\docs] has finished in [266] ms
27-Jun-2024 09:25:20.494 INFO [main] org.apache.catalina.startup.HostConfig.deployDirectory Deploying web application directory [D:\LIVE PROJECTS\ITBIS\tbis_api_server\Tomcat_10.1\webapps\manager]
27-Jun-2024 09:25:20.754 INFO [main] org.apache.jasper.servlet.TldScanner.scanJars At least one JAR was scanned for TLDs yet contained no TLDs. Enable debug logging for this logger for a complete list of JARs that were scanned but no TLDs were found in them. Skipping unneeded JARs during scanning can improve startup time and JSP compilation time.
27-Jun-2024 09:25:20.760 INFO [main] org.apache.catalina.startup.HostConfig.deployDirectory Deployment of web application directory [D:\LIVE PROJECTS\ITBIS\tbis_api_server\Tomcat_10.1\webapps\manager] has finished in [266] ms
27-Jun-2024 09:25:20.760 INFO [main] org.apache.catalina.startup.HostConfig.deployDirectory Deploying web application directory [D:\LIVE PROJECTS\ITBIS\tbis_api_server\Tomcat_10.1\webapps\ROOT]
27-Jun-2024 09:25:20.984 INFO [main] org.apache.jasper.servlet.TldScanner.scanJars At least one JAR was scanned for TLDs yet contained no TLDs. Enable debug logging for this logger for a complete list of JARs that were scanned but no TLDs were found in them. Skipping unneeded JARs during scanning can improve startup time and JSP compilation time.
27-Jun-2024 09:25:20.986 INFO [main] org.apache.catalina.startup.HostConfig.deployDirectory Deployment of web application directory [D:\LIVE PROJECTS\ITBIS\tbis_api_server\Tomcat_10.1\webapps\ROOT] has finished in [226] ms
27-Jun-2024 09:25:20.989 INFO [main] org.apache.coyote.AbstractProtocol.start Starting ProtocolHandler ["http-nio-8282"]
27-Jun-2024 09:25:21.013 INFO [main] org.apache.catalina.startup.Catalina.start Server startup in [7097] milliseconds
27-Jun-2024 16:26:08.046 INFO [Catalina-utility-2] org.apache.catalina.core.StandardContext.reload Reloading Context with name [/tbis] has started
27-Jun-2024 16:26:12.601 INFO [Catalina-utility-2] org.apache.jasper.servlet.TldScanner.scanJars At least one JAR was scanned for TLDs yet contained no TLDs. Enable debug logging for this logger for a complete list of JARs that were scanned but no TLDs were found in them. Skipping unneeded JARs during scanning can improve startup time and JSP compilation time.
27-Jun-2024 16:26:14.232 INFO [Catalina-utility-2] org.apache.catalina.core.StandardContext.reload Reloading Context with name [/tbis] is completed
27-Jun-2024 17:02:15.900 INFO [Catalina-utility-2] org.apache.catalina.core.StandardContext.reload Reloading Context with name [/tbis] has started
27-Jun-2024 17:02:19.436 INFO [Catalina-utility-2] org.apache.jasper.servlet.TldScanner.scanJars At least one JAR was scanned for TLDs yet contained no TLDs. Enable debug logging for this logger for a complete list of JARs that were scanned but no TLDs were found in them. Skipping unneeded JARs during scanning can improve startup time and JSP compilation time.
27-Jun-2024 17:02:20.601 INFO [Catalina-utility-2] org.apache.catalina.core.StandardContext.reload Reloading Context with name [/tbis] is completed
27-Jun-2024 17:23:05.791 INFO [main] org.apache.catalina.startup.VersionLoggerListener.log Server version name:   Apache Tomcat/10.1.9
27-Jun-2024 17:23:05.794 INFO [main] org.apache.catalina.startup.VersionLoggerListener.log Server built:          May 9 2023 14:30:05 UTC
27-Jun-2024 17:23:05.794 INFO [main] org.apache.catalina.startup.VersionLoggerListener.log Server version number: 10.1.9.0
27-Jun-2024 17:23:05.795 INFO [main] org.apache.catalina.startup.VersionLoggerListener.log OS Name:               Windows 10
27-Jun-2024 17:23:05.795 INFO [main] org.apache.catalina.startup.VersionLoggerListener.log OS Version:            10.0
27-Jun-2024 17:23:05.795 INFO [main] org.apache.catalina.startup.VersionLoggerListener.log Architecture:          amd64
27-Jun-2024 17:23:05.795 INFO [main] org.apache.catalina.startup.VersionLoggerListener.log Java Home:             C:\Program Files\Java\jdk-17
27-Jun-2024 17:23:05.796 INFO [main] org.apache.catalina.startup.VersionLoggerListener.log JVM Version:           17.0.9+11-LTS-201
27-Jun-2024 17:23:05.796 INFO [main] org.apache.catalina.startup.VersionLoggerListener.log JVM Vendor:            Oracle Corporation
27-Jun-2024 17:23:05.796 INFO [main] org.apache.catalina.startup.VersionLoggerListener.log CATALINA_BASE:         D:\LIVE PROJECTS\ITBIS\tbis_api_server\Tomcat_10.1
27-Jun-2024 17:23:05.796 INFO [main] org.apache.catalina.startup.VersionLoggerListener.log CATALINA_HOME:         D:\LIVE PROJECTS\ITBIS\tbis_api_server\Tomcat_10.1
27-Jun-2024 17:23:05.813 INFO [main] org.apache.catalina.startup.VersionLoggerListener.log Command line argument: -Djava.util.logging.config.file=D:\LIVE PROJECTS\ITBIS\tbis_api_server\Tomcat_10.1\conf\logging.properties
27-Jun-2024 17:23:05.814 INFO [main] org.apache.catalina.startup.VersionLoggerListener.log Command line argument: -Djava.util.logging.manager=org.apache.juli.ClassLoaderLogManager
27-Jun-2024 17:23:05.814 INFO [main] org.apache.catalina.startup.VersionLoggerListener.log Command line argument: -Djdk.tls.ephemeralDHKeySize=2048
27-Jun-2024 17:23:05.814 INFO [main] org.apache.catalina.startup.VersionLoggerListener.log Command line argument: -Djava.protocol.handler.pkgs=org.apache.catalina.webresources
27-Jun-2024 17:23:05.814 INFO [main] org.apache.catalina.startup.VersionLoggerListener.log Command line argument: --add-opens=java.base/java.lang=ALL-UNNAMED
27-Jun-2024 17:23:05.814 INFO [main] org.apache.catalina.startup.VersionLoggerListener.log Command line argument: --add-opens=java.base/java.io=ALL-UNNAMED
27-Jun-2024 17:23:05.815 INFO [main] org.apache.catalina.startup.VersionLoggerListener.log Command line argument: --add-opens=java.base/java.util=ALL-UNNAMED
27-Jun-2024 17:23:05.815 INFO [main] org.apache.catalina.startup.VersionLoggerListener.log Command line argument: --add-opens=java.base/java.util.concurrent=ALL-UNNAMED
27-Jun-2024 17:23:05.815 INFO [main] org.apache.catalina.startup.VersionLoggerListener.log Command line argument: --add-opens=java.rmi/sun.rmi.transport=ALL-UNNAMED
27-Jun-2024 17:23:05.815 INFO [main] org.apache.catalina.startup.VersionLoggerListener.log Command line argument: -Dcatalina.base=D:\LIVE PROJECTS\ITBIS\tbis_api_server\Tomcat_10.1
27-Jun-2024 17:23:05.816 INFO [main] org.apache.catalina.startup.VersionLoggerListener.log Command line argument: -Dcatalina.home=D:\LIVE PROJECTS\ITBIS\tbis_api_server\Tomcat_10.1
27-Jun-2024 17:23:05.817 INFO [main] org.apache.catalina.startup.VersionLoggerListener.log Command line argument: -Djava.io.tmpdir=D:\LIVE PROJECTS\ITBIS\tbis_api_server\Tomcat_10.1\temp
27-Jun-2024 17:23:05.856 INFO [main] org.apache.catalina.core.AprLifecycleListener.lifecycleEvent The Apache Tomcat Native library which allows using OpenSSL was not found on the java.library.path: [C:\Program Files\Java\jdk-17\bin;C:\Windows\Sun\Java\bin;C:\Windows\system32;C:\Windows;C:\Program Files\Common Files\Oracle\Java\javapath;C:\Python312\Scripts\;C:\Python312\;C:\Program Files\Microsoft\jdk-11.0.16.101-hotspot\bin;C:\Windows\System32\WindowsPowerShell\v1.0\;C:\Program Files\Python\Python37\Scripts\;C:\Program Files\Python\Python37\;C:\Users\ASUS\Scripts\;C:\Users\ASUS\;C:\Program Files\Microsoft MPI\Bin\;C:\Windows\system32;C:\Windows;C:\Windows\System32\Wbem;C:\Windows\System32\OpenSSH\;C:\Program Files\Microsoft SQL Server\130\Tools\Binn\;C:\Program Files\Microsoft SQL Server\Client SDK\ODBC\170\Tools\Binn\;C:\Program Files (x86)\Microsoft SQL Server\150\Tools\Binn\;C:\Program Files\Microsoft SQL Server\150\Tools\Binn\;C:\Program Files (x86)\Microsoft SQL Server\150\DTS\Binn\;C:\Program Files\Microsoft SQL Server\150\DTS\Binn\;C:\Users\ASUS\Lib\site-packages\pip;C:\Program Files\dotnet\;C:\Program Files\Git\cmd;C:\Program Files\gettext-iconv\bin;C:\Program Files\PuTTY\;C:\Program Files\Java\jdk-17\bin;C:\Program Files\GTK3-Runtime Win64\bin;C:\Program Files (x86)\Windows Kits\10\Windows Performance Toolkit\;C:\ProgramData\chocolatey\bin;C:\Users\ASUS\AppData\Roaming\nvm;C:\Program Files\nodejs;C:\Program Files\apache-maven-3.8.8-bin\apache-maven-3.8.8\bin;C:\Program Files\MySQL\MySQL Shell 8.0\bin\;C:\Users\ASUS\AppData\Local\Microsoft\WindowsApps;C:\Program Files\Azure Data Studio\bin;C:\Users\ASUS\AppData\Local\Programs\Microsoft VS Code\bin;C:\Program Files\JetBrains\PyCharm Community Edition 2021.2.3\bin;;D:\CHAKRAS\Drivers\flutter\bin;C:\Users\ASUS\AppData\Local\GitHubDesktop\bin;C:\Program Files\wkhtmltopdf\bin\wkhtmltopdf.exe;C:\ProgramData\ASUS\GitHubDesktop\bin;C:\Users\ASUS\.dotnet\tools;C:\Users\ASUS\AppData\Roaming\npm;C:\Program Files\JetBrains\DataGrip 2023.2.3\bin;;C:\Users\ASUS\AppData\Roaming\nvm;C:\Program Files\nodejs;.]
27-Jun-2024 17:23:06.070 INFO [main] org.apache.coyote.AbstractProtocol.init Initializing ProtocolHandler ["http-nio-8282"]
27-Jun-2024 17:23:06.092 INFO [main] org.apache.catalina.startup.Catalina.load Server initialization in [491] milliseconds
27-Jun-2024 17:23:06.133 INFO [main] org.apache.catalina.core.StandardService.startInternal Starting service [Catalina]
27-Jun-2024 17:23:06.133 INFO [main] org.apache.catalina.core.StandardEngine.startInternal Starting Servlet engine: [Apache Tomcat/10.1.9]
27-Jun-2024 17:23:06.166 INFO [main] org.apache.catalina.startup.HostConfig.deployDescriptor Deploying deployment descriptor [D:\LIVE PROJECTS\ITBIS\tbis_api_server\Tomcat_10.1\conf\Catalina\localhost\tbis.xml]
27-Jun-2024 17:23:06.180 WARNING [main] org.apache.catalina.startup.HostConfig.deployDescriptor The path attribute with value [/tbis] in deployment descriptor [D:\LIVE PROJECTS\ITBIS\tbis_api_server\Tomcat_10.1\conf\Catalina\localhost\tbis.xml] has been ignored
27-Jun-2024 17:23:09.474 INFO [main] org.apache.jasper.servlet.TldScanner.scanJars At least one JAR was scanned for TLDs yet contained no TLDs. Enable debug logging for this logger for a complete list of JARs that were scanned but no TLDs were found in them. Skipping unneeded JARs during scanning can improve startup time and JSP compilation time.
27-Jun-2024 17:23:11.084 INFO [main] org.apache.catalina.startup.HostConfig.deployDescriptor Deployment of deployment descriptor [D:\LIVE PROJECTS\ITBIS\tbis_api_server\Tomcat_10.1\conf\Catalina\localhost\tbis.xml] has finished in [4,917] ms
27-Jun-2024 17:23:11.085 INFO [main] org.apache.catalina.startup.HostConfig.deployDirectory Deploying web application directory [D:\LIVE PROJECTS\ITBIS\tbis_api_server\Tomcat_10.1\webapps\docs]
27-Jun-2024 17:23:11.348 INFO [main] org.apache.jasper.servlet.TldScanner.scanJars At least one JAR was scanned for TLDs yet contained no TLDs. Enable debug logging for this logger for a complete list of JARs that were scanned but no TLDs were found in them. Skipping unneeded JARs during scanning can improve startup time and JSP compilation time.
27-Jun-2024 17:23:11.351 INFO [main] org.apache.catalina.startup.HostConfig.deployDirectory Deployment of web application directory [D:\LIVE PROJECTS\ITBIS\tbis_api_server\Tomcat_10.1\webapps\docs] has finished in [265] ms
27-Jun-2024 17:23:11.351 INFO [main] org.apache.catalina.startup.HostConfig.deployDirectory Deploying web application directory [D:\LIVE PROJECTS\ITBIS\tbis_api_server\Tomcat_10.1\webapps\manager]
27-Jun-2024 17:23:11.625 INFO [main] org.apache.jasper.servlet.TldScanner.scanJars At least one JAR was scanned for TLDs yet contained no TLDs. Enable debug logging for this logger for a complete list of JARs that were scanned but no TLDs were found in them. Skipping unneeded JARs during scanning can improve startup time and JSP compilation time.
27-Jun-2024 17:23:11.630 INFO [main] org.apache.catalina.startup.HostConfig.deployDirectory Deployment of web application directory [D:\LIVE PROJECTS\ITBIS\tbis_api_server\Tomcat_10.1\webapps\manager] has finished in [279] ms
27-Jun-2024 17:23:11.630 INFO [main] org.apache.catalina.startup.HostConfig.deployDirectory Deploying web application directory [D:\LIVE PROJECTS\ITBIS\tbis_api_server\Tomcat_10.1\webapps\ROOT]
27-Jun-2024 17:23:11.849 INFO [main] org.apache.jasper.servlet.TldScanner.scanJars At least one JAR was scanned for TLDs yet contained no TLDs. Enable debug logging for this logger for a complete list of JARs that were scanned but no TLDs were found in them. Skipping unneeded JARs during scanning can improve startup time and JSP compilation time.
27-Jun-2024 17:23:11.852 INFO [main] org.apache.catalina.startup.HostConfig.deployDirectory Deployment of web application directory [D:\LIVE PROJECTS\ITBIS\tbis_api_server\Tomcat_10.1\webapps\ROOT] has finished in [221] ms
27-Jun-2024 17:23:11.854 INFO [main] org.apache.coyote.AbstractProtocol.start Starting ProtocolHandler ["http-nio-8282"]
27-Jun-2024 17:23:11.874 INFO [main] org.apache.catalina.startup.Catalina.start Server startup in [5782] milliseconds
27-Jun-2024 17:38:07.189 INFO [Catalina-utility-2] org.apache.catalina.core.StandardContext.reload Reloading Context with name [/tbis] has started
27-Jun-2024 17:38:09.878 INFO [Catalina-utility-2] org.apache.jasper.servlet.TldScanner.scanJars At least one JAR was scanned for TLDs yet contained no TLDs. Enable debug logging for this logger for a complete list of JARs that were scanned but no TLDs were found in them. Skipping unneeded JARs during scanning can improve startup time and JSP compilation time.
27-Jun-2024 17:38:11.045 INFO [Catalina-utility-2] org.apache.catalina.core.StandardContext.reload Reloading Context with name [/tbis] is completed
27-Jun-2024 18:15:48.595 INFO [Catalina-utility-2] org.apache.catalina.core.StandardContext.reload Reloading Context with name [/tbis] has started
27-Jun-2024 18:15:51.343 INFO [Catalina-utility-2] org.apache.jasper.servlet.TldScanner.scanJars At least one JAR was scanned for TLDs yet contained no TLDs. Enable debug logging for this logger for a complete list of JARs that were scanned but no TLDs were found in them. Skipping unneeded JARs during scanning can improve startup time and JSP compilation time.
27-Jun-2024 18:15:52.500 INFO [Catalina-utility-2] org.apache.catalina.core.StandardContext.reload Reloading Context with name [/tbis] is completed
27-Jun-2024 22:41:06.407 INFO [Catalina-utility-1] org.apache.catalina.loader.WebappClassLoaderBase.modified One or more JARs have been modified in the web application [/tbis]
27-Jun-2024 22:41:06.460 INFO [Catalina-utility-1] org.apache.catalina.core.StandardContext.reload Reloading Context with name [/tbis] has started
27-Jun-2024 22:41:10.201 INFO [Catalina-utility-1] org.apache.jasper.servlet.TldScanner.scanJars At least one JAR was scanned for TLDs yet contained no TLDs. Enable debug logging for this logger for a complete list of JARs that were scanned but no TLDs were found in them. Skipping unneeded JARs during scanning can improve startup time and JSP compilation time.
27-Jun-2024 22:41:11.507 INFO [Catalina-utility-1] org.apache.catalina.core.StandardContext.reload Reloading Context with name [/tbis] is completed
