21-Jun-2024 10:31:52.966 INFO [main] org.apache.catalina.startup.VersionLoggerListener.log Server version name:   Apache Tomcat/10.1.9
21-Jun-2024 10:31:52.970 INFO [main] org.apache.catalina.startup.VersionLoggerListener.log Server built:          May 9 2023 14:30:05 UTC
21-Jun-2024 10:31:52.971 INFO [main] org.apache.catalina.startup.VersionLoggerListener.log Server version number: 10.1.9.0
21-Jun-2024 10:31:52.971 INFO [main] org.apache.catalina.startup.VersionLoggerListener.log OS Name:               Windows 10
21-Jun-2024 10:31:52.971 INFO [main] org.apache.catalina.startup.VersionLoggerListener.log OS Version:            10.0
21-Jun-2024 10:31:52.971 INFO [main] org.apache.catalina.startup.VersionLoggerListener.log Architecture:          amd64
21-Jun-2024 10:31:52.971 INFO [main] org.apache.catalina.startup.VersionLoggerListener.log Java Home:             C:\Program Files\Java\jdk-17
21-Jun-2024 10:31:52.971 INFO [main] org.apache.catalina.startup.VersionLoggerListener.log JVM Version:           17.0.9+11-LTS-201
21-Jun-2024 10:31:52.971 INFO [main] org.apache.catalina.startup.VersionLoggerListener.log JVM Vendor:            Oracle Corporation
21-Jun-2024 10:31:52.971 INFO [main] org.apache.catalina.startup.VersionLoggerListener.log CATALINA_BASE:         D:\LIVE PROJECTS\ITBIS\tbis_api_server\Tomcat_10.1
21-Jun-2024 10:31:52.971 INFO [main] org.apache.catalina.startup.VersionLoggerListener.log CATALINA_HOME:         D:\LIVE PROJECTS\ITBIS\tbis_api_server\Tomcat_10.1
21-Jun-2024 10:31:52.987 INFO [main] org.apache.catalina.startup.VersionLoggerListener.log Command line argument: -Djava.util.logging.config.file=D:\LIVE PROJECTS\ITBIS\tbis_api_server\Tomcat_10.1\conf\logging.properties
21-Jun-2024 10:31:52.987 INFO [main] org.apache.catalina.startup.VersionLoggerListener.log Command line argument: -Djava.util.logging.manager=org.apache.juli.ClassLoaderLogManager
21-Jun-2024 10:31:52.987 INFO [main] org.apache.catalina.startup.VersionLoggerListener.log Command line argument: -Djdk.tls.ephemeralDHKeySize=2048
21-Jun-2024 10:31:52.987 INFO [main] org.apache.catalina.startup.VersionLoggerListener.log Command line argument: -Djava.protocol.handler.pkgs=org.apache.catalina.webresources
21-Jun-2024 10:31:52.987 INFO [main] org.apache.catalina.startup.VersionLoggerListener.log Command line argument: --add-opens=java.base/java.lang=ALL-UNNAMED
21-Jun-2024 10:31:52.987 INFO [main] org.apache.catalina.startup.VersionLoggerListener.log Command line argument: --add-opens=java.base/java.io=ALL-UNNAMED
21-Jun-2024 10:31:52.987 INFO [main] org.apache.catalina.startup.VersionLoggerListener.log Command line argument: --add-opens=java.base/java.util=ALL-UNNAMED
21-Jun-2024 10:31:52.987 INFO [main] org.apache.catalina.startup.VersionLoggerListener.log Command line argument: --add-opens=java.base/java.util.concurrent=ALL-UNNAMED
21-Jun-2024 10:31:52.987 INFO [main] org.apache.catalina.startup.VersionLoggerListener.log Command line argument: --add-opens=java.rmi/sun.rmi.transport=ALL-UNNAMED
21-Jun-2024 10:31:52.987 INFO [main] org.apache.catalina.startup.VersionLoggerListener.log Command line argument: -Dcatalina.base=D:\LIVE PROJECTS\ITBIS\tbis_api_server\Tomcat_10.1
21-Jun-2024 10:31:52.987 INFO [main] org.apache.catalina.startup.VersionLoggerListener.log Command line argument: -Dcatalina.home=D:\LIVE PROJECTS\ITBIS\tbis_api_server\Tomcat_10.1
21-Jun-2024 10:31:52.987 INFO [main] org.apache.catalina.startup.VersionLoggerListener.log Command line argument: -Djava.io.tmpdir=D:\LIVE PROJECTS\ITBIS\tbis_api_server\Tomcat_10.1\temp
21-Jun-2024 10:31:53.002 INFO [main] org.apache.catalina.core.AprLifecycleListener.lifecycleEvent The Apache Tomcat Native library which allows using OpenSSL was not found on the java.library.path: [C:\Program Files\Java\jdk-17\bin;C:\Windows\Sun\Java\bin;C:\Windows\system32;C:\Windows;C:\Program Files\Common Files\Oracle\Java\javapath;C:\Python312\Scripts\;C:\Python312\;C:\Program Files\Microsoft\jdk-11.0.16.101-hotspot\bin;C:\Windows\System32\WindowsPowerShell\v1.0\;C:\Program Files\Python\Python37\Scripts\;C:\Program Files\Python\Python37\;C:\Users\ASUS\Scripts\;C:\Users\ASUS\;C:\Program Files\Microsoft MPI\Bin\;C:\Windows\system32;C:\Windows;C:\Windows\System32\Wbem;C:\Windows\System32\OpenSSH\;C:\Program Files\Microsoft SQL Server\130\Tools\Binn\;C:\Program Files\Microsoft SQL Server\Client SDK\ODBC\170\Tools\Binn\;C:\Program Files (x86)\Microsoft SQL Server\150\Tools\Binn\;C:\Program Files\Microsoft SQL Server\150\Tools\Binn\;C:\Program Files (x86)\Microsoft SQL Server\150\DTS\Binn\;C:\Program Files\Microsoft SQL Server\150\DTS\Binn\;C:\Users\ASUS\Lib\site-packages\pip;C:\Program Files\dotnet\;C:\Program Files\Git\cmd;C:\Program Files\gettext-iconv\bin;C:\Program Files\PuTTY\;C:\Program Files\Java\jdk-17\bin;C:\Program Files\GTK3-Runtime Win64\bin;C:\Program Files (x86)\Windows Kits\10\Windows Performance Toolkit\;C:\ProgramData\chocolatey\bin;C:\Users\ASUS\AppData\Roaming\nvm;C:\Program Files\nodejs;C:\Program Files\apache-maven-3.8.8-bin\apache-maven-3.8.8\bin;C:\Program Files\MySQL\MySQL Shell 8.0\bin\;C:\Users\ASUS\AppData\Local\Microsoft\WindowsApps;C:\Program Files\Azure Data Studio\bin;C:\Users\ASUS\AppData\Local\Programs\Microsoft VS Code\bin;C:\Program Files\JetBrains\PyCharm Community Edition 2021.2.3\bin;;D:\CHAKRAS\Drivers\flutter\bin;C:\Users\ASUS\AppData\Local\GitHubDesktop\bin;C:\Program Files\wkhtmltopdf\bin\wkhtmltopdf.exe;C:\ProgramData\ASUS\GitHubDesktop\bin;C:\Users\ASUS\.dotnet\tools;C:\Users\ASUS\AppData\Roaming\npm;C:\Program Files\JetBrains\DataGrip 2023.2.3\bin;;C:\Users\ASUS\AppData\Roaming\nvm;C:\Program Files\nodejs;.]
21-Jun-2024 10:31:53.213 INFO [main] org.apache.coyote.AbstractProtocol.init Initializing ProtocolHandler ["http-nio-8282"]
21-Jun-2024 10:31:53.244 INFO [main] org.apache.catalina.startup.Catalina.load Server initialization in [515] milliseconds
21-Jun-2024 10:31:53.282 INFO [main] org.apache.catalina.core.StandardService.startInternal Starting service [Catalina]
21-Jun-2024 10:31:53.282 INFO [main] org.apache.catalina.core.StandardEngine.startInternal Starting Servlet engine: [Apache Tomcat/10.1.9]
21-Jun-2024 10:31:53.313 INFO [main] org.apache.catalina.startup.HostConfig.deployDescriptor Deploying deployment descriptor [D:\LIVE PROJECTS\ITBIS\tbis_api_server\Tomcat_10.1\conf\Catalina\localhost\tbis.xml]
21-Jun-2024 10:31:53.329 WARNING [main] org.apache.catalina.startup.HostConfig.deployDescriptor The path attribute with value [/tbis] in deployment descriptor [D:\LIVE PROJECTS\ITBIS\tbis_api_server\Tomcat_10.1\conf\Catalina\localhost\tbis.xml] has been ignored
21-Jun-2024 10:31:58.403 INFO [main] org.apache.jasper.servlet.TldScanner.scanJars At least one JAR was scanned for TLDs yet contained no TLDs. Enable debug logging for this logger for a complete list of JARs that were scanned but no TLDs were found in them. Skipping unneeded JARs during scanning can improve startup time and JSP compilation time.
21-Jun-2024 10:31:59.908 INFO [main] org.apache.catalina.startup.HostConfig.deployDescriptor Deployment of deployment descriptor [D:\LIVE PROJECTS\ITBIS\tbis_api_server\Tomcat_10.1\conf\Catalina\localhost\tbis.xml] has finished in [6,595] ms
21-Jun-2024 10:31:59.908 INFO [main] org.apache.catalina.startup.HostConfig.deployDirectory Deploying web application directory [D:\LIVE PROJECTS\ITBIS\tbis_api_server\Tomcat_10.1\webapps\docs]
21-Jun-2024 10:32:00.171 INFO [main] org.apache.jasper.servlet.TldScanner.scanJars At least one JAR was scanned for TLDs yet contained no TLDs. Enable debug logging for this logger for a complete list of JARs that were scanned but no TLDs were found in them. Skipping unneeded JARs during scanning can improve startup time and JSP compilation time.
21-Jun-2024 10:32:00.171 INFO [main] org.apache.catalina.startup.HostConfig.deployDirectory Deployment of web application directory [D:\LIVE PROJECTS\ITBIS\tbis_api_server\Tomcat_10.1\webapps\docs] has finished in [263] ms
21-Jun-2024 10:32:00.187 INFO [main] org.apache.catalina.startup.HostConfig.deployDirectory Deploying web application directory [D:\LIVE PROJECTS\ITBIS\tbis_api_server\Tomcat_10.1\webapps\manager]
21-Jun-2024 10:32:00.441 INFO [main] org.apache.jasper.servlet.TldScanner.scanJars At least one JAR was scanned for TLDs yet contained no TLDs. Enable debug logging for this logger for a complete list of JARs that were scanned but no TLDs were found in them. Skipping unneeded JARs during scanning can improve startup time and JSP compilation time.
21-Jun-2024 10:32:00.456 INFO [main] org.apache.catalina.startup.HostConfig.deployDirectory Deployment of web application directory [D:\LIVE PROJECTS\ITBIS\tbis_api_server\Tomcat_10.1\webapps\manager] has finished in [269] ms
21-Jun-2024 10:32:00.456 INFO [main] org.apache.catalina.startup.HostConfig.deployDirectory Deploying web application directory [D:\LIVE PROJECTS\ITBIS\tbis_api_server\Tomcat_10.1\webapps\ROOT]
21-Jun-2024 10:32:00.688 INFO [main] org.apache.jasper.servlet.TldScanner.scanJars At least one JAR was scanned for TLDs yet contained no TLDs. Enable debug logging for this logger for a complete list of JARs that were scanned but no TLDs were found in them. Skipping unneeded JARs during scanning can improve startup time and JSP compilation time.
21-Jun-2024 10:32:00.688 INFO [main] org.apache.catalina.startup.HostConfig.deployDirectory Deployment of web application directory [D:\LIVE PROJECTS\ITBIS\tbis_api_server\Tomcat_10.1\webapps\ROOT] has finished in [232] ms
21-Jun-2024 10:32:00.688 INFO [main] org.apache.coyote.AbstractProtocol.start Starting ProtocolHandler ["http-nio-8282"]
21-Jun-2024 10:32:00.726 INFO [main] org.apache.catalina.startup.Catalina.start Server startup in [7491] milliseconds
21-Jun-2024 10:45:23.839 INFO [Catalina-utility-1] org.apache.catalina.core.StandardContext.reload Reloading Context with name [/tbis] has started
21-Jun-2024 10:45:26.598 INFO [Catalina-utility-1] org.apache.jasper.servlet.TldScanner.scanJars At least one JAR was scanned for TLDs yet contained no TLDs. Enable debug logging for this logger for a complete list of JARs that were scanned but no TLDs were found in them. Skipping unneeded JARs during scanning can improve startup time and JSP compilation time.
21-Jun-2024 10:45:27.762 INFO [Catalina-utility-1] org.apache.catalina.core.StandardContext.reload Reloading Context with name [/tbis] is completed
21-Jun-2024 13:14:35.310 INFO [Catalina-utility-2] org.apache.catalina.loader.WebappClassLoaderBase.modified One or more JARs have been modified in the web application [/tbis]
21-Jun-2024 13:14:35.316 INFO [Catalina-utility-2] org.apache.catalina.core.StandardContext.reload Reloading Context with name [/tbis] has started
21-Jun-2024 13:14:38.414 INFO [Catalina-utility-2] org.apache.jasper.servlet.TldScanner.scanJars At least one JAR was scanned for TLDs yet contained no TLDs. Enable debug logging for this logger for a complete list of JARs that were scanned but no TLDs were found in them. Skipping unneeded JARs during scanning can improve startup time and JSP compilation time.
21-Jun-2024 13:14:39.590 INFO [Catalina-utility-2] org.apache.catalina.core.StandardContext.reload Reloading Context with name [/tbis] is completed
21-Jun-2024 15:52:44.060 INFO [Catalina-utility-2] org.apache.catalina.core.StandardContext.reload Reloading Context with name [/tbis] has started
21-Jun-2024 15:52:47.053 INFO [Catalina-utility-2] org.apache.jasper.servlet.TldScanner.scanJars At least one JAR was scanned for TLDs yet contained no TLDs. Enable debug logging for this logger for a complete list of JARs that were scanned but no TLDs were found in them. Skipping unneeded JARs during scanning can improve startup time and JSP compilation time.
21-Jun-2024 15:52:48.271 INFO [Catalina-utility-2] org.apache.catalina.core.StandardContext.reload Reloading Context with name [/tbis] is completed
21-Jun-2024 18:22:59.761 INFO [Catalina-utility-1] org.apache.catalina.core.StandardContext.reload Reloading Context with name [/tbis] has started
21-Jun-2024 18:24:18.883 INFO [Catalina-utility-1] org.apache.jasper.servlet.TldScanner.scanJars At least one JAR was scanned for TLDs yet contained no TLDs. Enable debug logging for this logger for a complete list of JARs that were scanned but no TLDs were found in them. Skipping unneeded JARs during scanning can improve startup time and JSP compilation time.
21-Jun-2024 18:24:21.519 INFO [Catalina-utility-1] org.apache.catalina.core.StandardContext.reload Reloading Context with name [/tbis] is completed
21-Jun-2024 18:27:27.687 INFO [Catalina-utility-2] org.apache.catalina.loader.WebappClassLoaderBase.modified One or more JARs have been modified in the web application [/tbis]
21-Jun-2024 18:27:27.688 INFO [Catalina-utility-2] org.apache.catalina.core.StandardContext.reload Reloading Context with name [/tbis] has started
21-Jun-2024 18:27:29.978 INFO [Catalina-utility-2] org.apache.jasper.servlet.TldScanner.scanJars At least one JAR was scanned for TLDs yet contained no TLDs. Enable debug logging for this logger for a complete list of JARs that were scanned but no TLDs were found in them. Skipping unneeded JARs during scanning can improve startup time and JSP compilation time.
21-Jun-2024 18:27:31.083 INFO [Catalina-utility-2] org.apache.catalina.core.StandardContext.reload Reloading Context with name [/tbis] is completed
21-Jun-2024 18:34:47.537 INFO [Catalina-utility-2] org.apache.catalina.core.StandardContext.reload Reloading Context with name [/tbis] has started
21-Jun-2024 18:34:49.751 INFO [Catalina-utility-2] org.apache.jasper.servlet.TldScanner.scanJars At least one JAR was scanned for TLDs yet contained no TLDs. Enable debug logging for this logger for a complete list of JARs that were scanned but no TLDs were found in them. Skipping unneeded JARs during scanning can improve startup time and JSP compilation time.
21-Jun-2024 18:34:50.859 INFO [Catalina-utility-2] org.apache.catalina.core.StandardContext.reload Reloading Context with name [/tbis] is completed
21-Jun-2024 18:42:50.582 INFO [Catalina-utility-2] org.apache.catalina.core.StandardContext.reload Reloading Context with name [/tbis] has started
21-Jun-2024 18:42:52.747 INFO [Catalina-utility-2] org.apache.jasper.servlet.TldScanner.scanJars At least one JAR was scanned for TLDs yet contained no TLDs. Enable debug logging for this logger for a complete list of JARs that were scanned but no TLDs were found in them. Skipping unneeded JARs during scanning can improve startup time and JSP compilation time.
21-Jun-2024 18:42:54.067 INFO [Catalina-utility-2] org.apache.catalina.core.StandardContext.reload Reloading Context with name [/tbis] is completed
21-Jun-2024 19:00:08.051 INFO [Catalina-utility-2] org.apache.catalina.core.StandardContext.reload Reloading Context with name [/tbis] has started
21-Jun-2024 19:00:10.643 INFO [Catalina-utility-2] org.apache.jasper.servlet.TldScanner.scanJars At least one JAR was scanned for TLDs yet contained no TLDs. Enable debug logging for this logger for a complete list of JARs that were scanned but no TLDs were found in them. Skipping unneeded JARs during scanning can improve startup time and JSP compilation time.
21-Jun-2024 19:00:11.691 INFO [Catalina-utility-2] org.apache.catalina.core.StandardContext.reload Reloading Context with name [/tbis] is completed
21-Jun-2024 19:02:23.555 INFO [Catalina-utility-1] org.apache.catalina.loader.WebappClassLoaderBase.modified One or more JARs have been modified in the web application [/tbis]
21-Jun-2024 19:02:23.555 INFO [Catalina-utility-1] org.apache.catalina.core.StandardContext.reload Reloading Context with name [/tbis] has started
21-Jun-2024 19:02:25.789 INFO [Catalina-utility-1] org.apache.jasper.servlet.TldScanner.scanJars At least one JAR was scanned for TLDs yet contained no TLDs. Enable debug logging for this logger for a complete list of JARs that were scanned but no TLDs were found in them. Skipping unneeded JARs during scanning can improve startup time and JSP compilation time.
21-Jun-2024 19:02:26.853 INFO [Catalina-utility-1] org.apache.catalina.core.StandardContext.reload Reloading Context with name [/tbis] is completed
