14-May-2024 12:01:32.441 INFO [Catalina-utility-2] org.apache.catalina.core.StandardContext.reload Reloading Context with name [/tbis] has started
14-May-2024 12:01:36.772 INFO [Catalina-utility-2] org.apache.jasper.servlet.TldScanner.scanJars At least one JAR was scanned for TLDs yet contained no TLDs. Enable debug logging for this logger for a complete list of JARs that were scanned but no TLDs were found in them. Skipping unneeded JARs during scanning can improve startup time and JSP compilation time.
14-May-2024 12:01:38.274 INFO [Catalina-utility-2] org.apache.catalina.core.StandardContext.reload Reloading Context with name [/tbis] is completed
14-May-2024 16:44:25.262 INFO [Catalina-utility-2] org.apache.catalina.core.StandardContext.reload Reloading Context with name [/tbis] has started
14-May-2024 16:44:29.651 INFO [Catalina-utility-2] org.apache.jasper.servlet.TldScanner.scanJars At least one JAR was scanned for TLDs yet contained no TLDs. Enable debug logging for this logger for a complete list of JARs that were scanned but no TLDs were found in them. Skipping unneeded JARs during scanning can improve startup time and JSP compilation time.
14-May-2024 16:44:31.402 SEVERE [Catalina-utility-2] org.glassfish.jersey.internal.Errors.logErrors Following issues have been detected: 
WARNING: A resource model has ambiguous (sub-)resource method for HTTP method POST and input mime-types as defined by"@Consumes" and "@Produces" annotations at Java methods public com.cissol.core.model.ApiResult com.tbis.api.master.resource.AsnResource.manageAsnMaster(com.tbis.api.master.model.AsnMaster) and public com.cissol.core.model.ApiResult com.tbis.api.master.resource.AsnResource.updateGateVerificationStatus(com.tbis.api.master.model.AsnMaster) at matching regular expression /asnmaster. These two methods produces and consumes exactly the same mime-types and therefore their invocation as a resource methods will always fail.

14-May-2024 16:44:31.417 INFO [Catalina-utility-2] org.apache.catalina.core.StandardContext.reload Reloading Context with name [/tbis] is completed
14-May-2024 16:44:32.354 SEVERE [http-nio-8282-exec-20] org.glassfish.jersey.internal.Errors.logErrors Following issues have been detected: 
WARNING: A resource model has ambiguous (sub-)resource method for HTTP method POST and input mime-types as defined by"@Consumes" and "@Produces" annotations at Java methods public com.cissol.core.model.ApiResult com.tbis.api.master.resource.AsnResource.manageAsnMaster(com.tbis.api.master.model.AsnMaster) and public com.cissol.core.model.ApiResult com.tbis.api.master.resource.AsnResource.updateGateVerificationStatus(com.tbis.api.master.model.AsnMaster) at matching regular expression /asnmaster. These two methods produces and consumes exactly the same mime-types and therefore their invocation as a resource methods will always fail.

14-May-2024 16:44:32.522 SEVERE [http-nio-8282-exec-14] org.glassfish.jersey.internal.Errors.logErrors Following issues have been detected: 
WARNING: A resource model has ambiguous (sub-)resource method for HTTP method POST and input mime-types as defined by"@Consumes" and "@Produces" annotations at Java methods public com.cissol.core.model.ApiResult com.tbis.api.master.resource.AsnResource.manageAsnMaster(com.tbis.api.master.model.AsnMaster) and public com.cissol.core.model.ApiResult com.tbis.api.master.resource.AsnResource.updateGateVerificationStatus(com.tbis.api.master.model.AsnMaster) at matching regular expression /asnmaster. These two methods produces and consumes exactly the same mime-types and therefore their invocation as a resource methods will always fail.

14-May-2024 16:44:38.474 SEVERE [http-nio-8282-exec-18] org.glassfish.jersey.internal.Errors.logErrors Following issues have been detected: 
WARNING: A resource model has ambiguous (sub-)resource method for HTTP method POST and input mime-types as defined by"@Consumes" and "@Produces" annotations at Java methods public com.cissol.core.model.ApiResult com.tbis.api.master.resource.AsnResource.manageAsnMaster(com.tbis.api.master.model.AsnMaster) and public com.cissol.core.model.ApiResult com.tbis.api.master.resource.AsnResource.updateGateVerificationStatus(com.tbis.api.master.model.AsnMaster) at matching regular expression /asnmaster. These two methods produces and consumes exactly the same mime-types and therefore their invocation as a resource methods will always fail.

14-May-2024 16:44:41.030 SEVERE [http-nio-8282-exec-15] org.glassfish.jersey.internal.Errors.logErrors Following issues have been detected: 
WARNING: A resource model has ambiguous (sub-)resource method for HTTP method POST and input mime-types as defined by"@Consumes" and "@Produces" annotations at Java methods public com.cissol.core.model.ApiResult com.tbis.api.master.resource.AsnResource.manageAsnMaster(com.tbis.api.master.model.AsnMaster) and public com.cissol.core.model.ApiResult com.tbis.api.master.resource.AsnResource.updateGateVerificationStatus(com.tbis.api.master.model.AsnMaster) at matching regular expression /asnmaster. These two methods produces and consumes exactly the same mime-types and therefore their invocation as a resource methods will always fail.

14-May-2024 16:48:30.832 INFO [Catalina-utility-1] org.apache.catalina.core.StandardContext.reload Reloading Context with name [/tbis] has started
14-May-2024 16:48:33.667 INFO [Catalina-utility-1] org.apache.jasper.servlet.TldScanner.scanJars At least one JAR was scanned for TLDs yet contained no TLDs. Enable debug logging for this logger for a complete list of JARs that were scanned but no TLDs were found in them. Skipping unneeded JARs during scanning can improve startup time and JSP compilation time.
14-May-2024 16:48:35.078 INFO [Catalina-utility-1] org.apache.catalina.core.StandardContext.reload Reloading Context with name [/tbis] is completed
14-May-2024 17:29:41.498 INFO [Catalina-utility-1] org.apache.catalina.loader.WebappClassLoaderBase.modified One or more JARs have been modified in the web application [/tbis]
14-May-2024 17:29:41.499 INFO [Catalina-utility-1] org.apache.catalina.core.StandardContext.reload Reloading Context with name [/tbis] has started
14-May-2024 17:29:44.288 INFO [Catalina-utility-1] org.apache.jasper.servlet.TldScanner.scanJars At least one JAR was scanned for TLDs yet contained no TLDs. Enable debug logging for this logger for a complete list of JARs that were scanned but no TLDs were found in them. Skipping unneeded JARs during scanning can improve startup time and JSP compilation time.
14-May-2024 17:29:45.471 INFO [Catalina-utility-1] org.apache.catalina.core.StandardContext.reload Reloading Context with name [/tbis] is completed
