13-Jul-2024 09:10:51.196 INFO [main] org.apache.catalina.startup.VersionLoggerListener.log Server version name:   Apache Tomcat/10.1.9
13-Jul-2024 09:10:51.203 INFO [main] org.apache.catalina.startup.VersionLoggerListener.log Server built:          May 9 2023 14:30:05 UTC
13-Jul-2024 09:10:51.204 INFO [main] org.apache.catalina.startup.VersionLoggerListener.log Server version number: 10.1.9.0
13-Jul-2024 09:10:51.205 INFO [main] org.apache.catalina.startup.VersionLoggerListener.log OS Name:               Windows 10
13-Jul-2024 09:10:51.205 INFO [main] org.apache.catalina.startup.VersionLoggerListener.log OS Version:            10.0
13-Jul-2024 09:10:51.205 INFO [main] org.apache.catalina.startup.VersionLoggerListener.log Architecture:          amd64
13-Jul-2024 09:10:51.205 INFO [main] org.apache.catalina.startup.VersionLoggerListener.log Java Home:             C:\Program Files\Java\jdk-17
13-Jul-2024 09:10:51.205 INFO [main] org.apache.catalina.startup.VersionLoggerListener.log JVM Version:           17.0.9+11-LTS-201
13-Jul-2024 09:10:51.205 INFO [main] org.apache.catalina.startup.VersionLoggerListener.log JVM Vendor:            Oracle Corporation
13-Jul-2024 09:10:51.205 INFO [main] org.apache.catalina.startup.VersionLoggerListener.log CATALINA_BASE:         D:\LIVE PROJECTS\ITBIS\tbis_api_server\Tomcat_10.1
13-Jul-2024 09:10:51.205 INFO [main] org.apache.catalina.startup.VersionLoggerListener.log CATALINA_HOME:         D:\LIVE PROJECTS\ITBIS\tbis_api_server\Tomcat_10.1
13-Jul-2024 09:10:51.219 INFO [main] org.apache.catalina.startup.VersionLoggerListener.log Command line argument: -Djava.util.logging.config.file=D:\LIVE PROJECTS\ITBIS\tbis_api_server\Tomcat_10.1\conf\logging.properties
13-Jul-2024 09:10:51.219 INFO [main] org.apache.catalina.startup.VersionLoggerListener.log Command line argument: -Djava.util.logging.manager=org.apache.juli.ClassLoaderLogManager
13-Jul-2024 09:10:51.219 INFO [main] org.apache.catalina.startup.VersionLoggerListener.log Command line argument: -Djdk.tls.ephemeralDHKeySize=2048
13-Jul-2024 09:10:51.219 INFO [main] org.apache.catalina.startup.VersionLoggerListener.log Command line argument: -Djava.protocol.handler.pkgs=org.apache.catalina.webresources
13-Jul-2024 09:10:51.219 INFO [main] org.apache.catalina.startup.VersionLoggerListener.log Command line argument: --add-opens=java.base/java.lang=ALL-UNNAMED
13-Jul-2024 09:10:51.219 INFO [main] org.apache.catalina.startup.VersionLoggerListener.log Command line argument: --add-opens=java.base/java.io=ALL-UNNAMED
13-Jul-2024 09:10:51.219 INFO [main] org.apache.catalina.startup.VersionLoggerListener.log Command line argument: --add-opens=java.base/java.util=ALL-UNNAMED
13-Jul-2024 09:10:51.219 INFO [main] org.apache.catalina.startup.VersionLoggerListener.log Command line argument: --add-opens=java.base/java.util.concurrent=ALL-UNNAMED
13-Jul-2024 09:10:51.219 INFO [main] org.apache.catalina.startup.VersionLoggerListener.log Command line argument: --add-opens=java.rmi/sun.rmi.transport=ALL-UNNAMED
13-Jul-2024 09:10:51.219 INFO [main] org.apache.catalina.startup.VersionLoggerListener.log Command line argument: -Dcatalina.base=D:\LIVE PROJECTS\ITBIS\tbis_api_server\Tomcat_10.1
13-Jul-2024 09:10:51.219 INFO [main] org.apache.catalina.startup.VersionLoggerListener.log Command line argument: -Dcatalina.home=D:\LIVE PROJECTS\ITBIS\tbis_api_server\Tomcat_10.1
13-Jul-2024 09:10:51.219 INFO [main] org.apache.catalina.startup.VersionLoggerListener.log Command line argument: -Djava.io.tmpdir=D:\LIVE PROJECTS\ITBIS\tbis_api_server\Tomcat_10.1\temp
13-Jul-2024 09:10:51.235 INFO [main] org.apache.catalina.core.AprLifecycleListener.lifecycleEvent The Apache Tomcat Native library which allows using OpenSSL was not found on the java.library.path: [C:\Program Files\Java\jdk-17\bin;C:\Windows\Sun\Java\bin;C:\Windows\system32;C:\Windows;C:\Program Files\Common Files\Oracle\Java\javapath;C:\Python312\Scripts\;C:\Python312\;C:\Program Files\Microsoft\jdk-11.0.16.101-hotspot\bin;C:\Windows\System32\WindowsPowerShell\v1.0\;C:\Program Files\Python\Python37\Scripts\;C:\Program Files\Python\Python37\;C:\Users\ASUS\Scripts\;C:\Users\ASUS\;C:\Program Files\Microsoft MPI\Bin\;C:\Windows\system32;C:\Windows;C:\Windows\System32\Wbem;C:\Windows\System32\OpenSSH\;C:\Program Files\Microsoft SQL Server\130\Tools\Binn\;C:\Program Files\Microsoft SQL Server\Client SDK\ODBC\170\Tools\Binn\;C:\Program Files (x86)\Microsoft SQL Server\150\Tools\Binn\;C:\Program Files\Microsoft SQL Server\150\Tools\Binn\;C:\Program Files (x86)\Microsoft SQL Server\150\DTS\Binn\;C:\Program Files\Microsoft SQL Server\150\DTS\Binn\;C:\Users\ASUS\Lib\site-packages\pip;C:\Program Files\dotnet\;C:\Program Files\Git\cmd;C:\Program Files\gettext-iconv\bin;C:\Program Files\PuTTY\;C:\Program Files\Java\jdk-17\bin;C:\Program Files\GTK3-Runtime Win64\bin;C:\Program Files (x86)\Windows Kits\10\Windows Performance Toolkit\;C:\ProgramData\chocolatey\bin;C:\Users\ASUS\AppData\Roaming\nvm;C:\Program Files\nodejs;C:\Program Files\apache-maven-3.8.8-bin\apache-maven-3.8.8\bin;C:\Program Files\MySQL\MySQL Server 8.0\bin;C:\Program Files\MySQL\MySQL Shell 8.0\bin\;C:\Users\ASUS\AppData\Local\Microsoft\WindowsApps;C:\Program Files\Azure Data Studio\bin;C:\Users\ASUS\AppData\Local\Programs\Microsoft VS Code\bin;C:\Program Files\JetBrains\PyCharm Community Edition 2021.2.3\bin;;D:\CHAKRAS\Drivers\flutter\bin;C:\Users\ASUS\AppData\Local\GitHubDesktop\bin;C:\Program Files\wkhtmltopdf\bin\wkhtmltopdf.exe;C:\ProgramData\ASUS\GitHubDesktop\bin;C:\Users\ASUS\.dotnet\tools;C:\Users\ASUS\AppData\Roaming\npm;C:\Program Files\JetBrains\DataGrip 2023.2.3\bin;;C:\Users\ASUS\AppData\Roaming\nvm;C:\Program Files\nodejs;.]
13-Jul-2024 09:10:51.454 INFO [main] org.apache.coyote.AbstractProtocol.init Initializing ProtocolHandler ["http-nio-8282"]
13-Jul-2024 09:10:51.469 INFO [main] org.apache.catalina.startup.Catalina.load Server initialization in [469] milliseconds
13-Jul-2024 09:10:51.516 INFO [main] org.apache.catalina.core.StandardService.startInternal Starting service [Catalina]
13-Jul-2024 09:10:51.516 INFO [main] org.apache.catalina.core.StandardEngine.startInternal Starting Servlet engine: [Apache Tomcat/10.1.9]
13-Jul-2024 09:10:51.532 INFO [main] org.apache.catalina.startup.HostConfig.deployDescriptor Deploying deployment descriptor [D:\LIVE PROJECTS\ITBIS\tbis_api_server\Tomcat_10.1\conf\Catalina\localhost\tbis.xml]
13-Jul-2024 09:10:51.547 WARNING [main] org.apache.catalina.startup.HostConfig.deployDescriptor The path attribute with value [/tbis] in deployment descriptor [D:\LIVE PROJECTS\ITBIS\tbis_api_server\Tomcat_10.1\conf\Catalina\localhost\tbis.xml] has been ignored
13-Jul-2024 09:10:56.373 INFO [main] org.apache.jasper.servlet.TldScanner.scanJars At least one JAR was scanned for TLDs yet contained no TLDs. Enable debug logging for this logger for a complete list of JARs that were scanned but no TLDs were found in them. Skipping unneeded JARs during scanning can improve startup time and JSP compilation time.
13-Jul-2024 09:10:57.920 INFO [main] org.apache.catalina.startup.HostConfig.deployDescriptor Deployment of deployment descriptor [D:\LIVE PROJECTS\ITBIS\tbis_api_server\Tomcat_10.1\conf\Catalina\localhost\tbis.xml] has finished in [6,388] ms
13-Jul-2024 09:10:57.920 INFO [main] org.apache.catalina.startup.HostConfig.deployDirectory Deploying web application directory [D:\LIVE PROJECTS\ITBIS\tbis_api_server\Tomcat_10.1\webapps\docs]
13-Jul-2024 09:10:58.154 INFO [main] org.apache.jasper.servlet.TldScanner.scanJars At least one JAR was scanned for TLDs yet contained no TLDs. Enable debug logging for this logger for a complete list of JARs that were scanned but no TLDs were found in them. Skipping unneeded JARs during scanning can improve startup time and JSP compilation time.
13-Jul-2024 09:10:58.170 INFO [main] org.apache.catalina.startup.HostConfig.deployDirectory Deployment of web application directory [D:\LIVE PROJECTS\ITBIS\tbis_api_server\Tomcat_10.1\webapps\docs] has finished in [234] ms
13-Jul-2024 09:10:58.170 INFO [main] org.apache.catalina.startup.HostConfig.deployDirectory Deploying web application directory [D:\LIVE PROJECTS\ITBIS\tbis_api_server\Tomcat_10.1\webapps\manager]
13-Jul-2024 09:10:58.420 INFO [main] org.apache.jasper.servlet.TldScanner.scanJars At least one JAR was scanned for TLDs yet contained no TLDs. Enable debug logging for this logger for a complete list of JARs that were scanned but no TLDs were found in them. Skipping unneeded JARs during scanning can improve startup time and JSP compilation time.
13-Jul-2024 09:10:58.420 INFO [main] org.apache.catalina.startup.HostConfig.deployDirectory Deployment of web application directory [D:\LIVE PROJECTS\ITBIS\tbis_api_server\Tomcat_10.1\webapps\manager] has finished in [250] ms
13-Jul-2024 09:10:58.420 INFO [main] org.apache.catalina.startup.HostConfig.deployDirectory Deploying web application directory [D:\LIVE PROJECTS\ITBIS\tbis_api_server\Tomcat_10.1\webapps\ROOT]
13-Jul-2024 09:10:58.639 INFO [main] org.apache.jasper.servlet.TldScanner.scanJars At least one JAR was scanned for TLDs yet contained no TLDs. Enable debug logging for this logger for a complete list of JARs that were scanned but no TLDs were found in them. Skipping unneeded JARs during scanning can improve startup time and JSP compilation time.
13-Jul-2024 09:10:58.639 INFO [main] org.apache.catalina.startup.HostConfig.deployDirectory Deployment of web application directory [D:\LIVE PROJECTS\ITBIS\tbis_api_server\Tomcat_10.1\webapps\ROOT] has finished in [219] ms
13-Jul-2024 09:10:58.654 INFO [main] org.apache.coyote.AbstractProtocol.start Starting ProtocolHandler ["http-nio-8282"]
13-Jul-2024 09:10:58.670 INFO [main] org.apache.catalina.startup.Catalina.start Server startup in [7200] milliseconds
13-Jul-2024 09:11:44.831 SEVERE [main] org.apache.catalina.startup.Catalina.stopServer No shutdown port configured. Shut down server through OS signal. Server not shut down.
13-Jul-2024 09:11:52.990 SEVERE [main] org.apache.catalina.startup.Catalina.stopServer No shutdown port configured. Shut down server through OS signal. Server not shut down.
13-Jul-2024 09:11:54.844 INFO [main] org.apache.catalina.startup.VersionLoggerListener.log Server version name:   Apache Tomcat/10.1.9
13-Jul-2024 09:11:54.848 INFO [main] org.apache.catalina.startup.VersionLoggerListener.log Server built:          May 9 2023 14:30:05 UTC
13-Jul-2024 09:11:54.848 INFO [main] org.apache.catalina.startup.VersionLoggerListener.log Server version number: 10.1.9.0
13-Jul-2024 09:11:54.849 INFO [main] org.apache.catalina.startup.VersionLoggerListener.log OS Name:               Windows 10
13-Jul-2024 09:11:54.849 INFO [main] org.apache.catalina.startup.VersionLoggerListener.log OS Version:            10.0
13-Jul-2024 09:11:54.849 INFO [main] org.apache.catalina.startup.VersionLoggerListener.log Architecture:          amd64
13-Jul-2024 09:11:54.849 INFO [main] org.apache.catalina.startup.VersionLoggerListener.log Java Home:             C:\Program Files\Java\jdk-17
13-Jul-2024 09:11:54.849 INFO [main] org.apache.catalina.startup.VersionLoggerListener.log JVM Version:           17.0.9+11-LTS-201
13-Jul-2024 09:11:54.849 INFO [main] org.apache.catalina.startup.VersionLoggerListener.log JVM Vendor:            Oracle Corporation
13-Jul-2024 09:11:54.849 INFO [main] org.apache.catalina.startup.VersionLoggerListener.log CATALINA_BASE:         D:\LIVE PROJECTS\ITBIS\tbis_api_server\Tomcat_10.1
13-Jul-2024 09:11:54.850 INFO [main] org.apache.catalina.startup.VersionLoggerListener.log CATALINA_HOME:         D:\LIVE PROJECTS\ITBIS\tbis_api_server\Tomcat_10.1
13-Jul-2024 09:11:54.856 INFO [main] org.apache.catalina.startup.VersionLoggerListener.log Command line argument: -Djava.util.logging.config.file=D:\LIVE PROJECTS\ITBIS\tbis_api_server\Tomcat_10.1\conf\logging.properties
13-Jul-2024 09:11:54.857 INFO [main] org.apache.catalina.startup.VersionLoggerListener.log Command line argument: -Djava.util.logging.manager=org.apache.juli.ClassLoaderLogManager
13-Jul-2024 09:11:54.857 INFO [main] org.apache.catalina.startup.VersionLoggerListener.log Command line argument: -Djdk.tls.ephemeralDHKeySize=2048
13-Jul-2024 09:11:54.857 INFO [main] org.apache.catalina.startup.VersionLoggerListener.log Command line argument: -Djava.protocol.handler.pkgs=org.apache.catalina.webresources
13-Jul-2024 09:11:54.857 INFO [main] org.apache.catalina.startup.VersionLoggerListener.log Command line argument: --add-opens=java.base/java.lang=ALL-UNNAMED
13-Jul-2024 09:11:54.857 INFO [main] org.apache.catalina.startup.VersionLoggerListener.log Command line argument: --add-opens=java.base/java.io=ALL-UNNAMED
13-Jul-2024 09:11:54.858 INFO [main] org.apache.catalina.startup.VersionLoggerListener.log Command line argument: --add-opens=java.base/java.util=ALL-UNNAMED
13-Jul-2024 09:11:54.858 INFO [main] org.apache.catalina.startup.VersionLoggerListener.log Command line argument: --add-opens=java.base/java.util.concurrent=ALL-UNNAMED
13-Jul-2024 09:11:54.858 INFO [main] org.apache.catalina.startup.VersionLoggerListener.log Command line argument: --add-opens=java.rmi/sun.rmi.transport=ALL-UNNAMED
13-Jul-2024 09:11:54.858 INFO [main] org.apache.catalina.startup.VersionLoggerListener.log Command line argument: -Dcatalina.base=D:\LIVE PROJECTS\ITBIS\tbis_api_server\Tomcat_10.1
13-Jul-2024 09:11:54.859 INFO [main] org.apache.catalina.startup.VersionLoggerListener.log Command line argument: -Dcatalina.home=D:\LIVE PROJECTS\ITBIS\tbis_api_server\Tomcat_10.1
13-Jul-2024 09:11:54.859 INFO [main] org.apache.catalina.startup.VersionLoggerListener.log Command line argument: -Djava.io.tmpdir=D:\LIVE PROJECTS\ITBIS\tbis_api_server\Tomcat_10.1\temp
13-Jul-2024 09:11:54.872 INFO [main] org.apache.catalina.core.AprLifecycleListener.lifecycleEvent The Apache Tomcat Native library which allows using OpenSSL was not found on the java.library.path: [C:\Program Files\Java\jdk-17\bin;C:\Windows\Sun\Java\bin;C:\Windows\system32;C:\Windows;C:\Program Files\Common Files\Oracle\Java\javapath;C:\Python312\Scripts\;C:\Python312\;C:\Program Files\Microsoft\jdk-11.0.16.101-hotspot\bin;C:\Windows\System32\WindowsPowerShell\v1.0\;C:\Program Files\Python\Python37\Scripts\;C:\Program Files\Python\Python37\;C:\Users\ASUS\Scripts\;C:\Users\ASUS\;C:\Program Files\Microsoft MPI\Bin\;C:\Windows\system32;C:\Windows;C:\Windows\System32\Wbem;C:\Windows\System32\OpenSSH\;C:\Program Files\Microsoft SQL Server\130\Tools\Binn\;C:\Program Files\Microsoft SQL Server\Client SDK\ODBC\170\Tools\Binn\;C:\Program Files (x86)\Microsoft SQL Server\150\Tools\Binn\;C:\Program Files\Microsoft SQL Server\150\Tools\Binn\;C:\Program Files (x86)\Microsoft SQL Server\150\DTS\Binn\;C:\Program Files\Microsoft SQL Server\150\DTS\Binn\;C:\Users\ASUS\Lib\site-packages\pip;C:\Program Files\dotnet\;C:\Program Files\Git\cmd;C:\Program Files\gettext-iconv\bin;C:\Program Files\PuTTY\;C:\Program Files\Java\jdk-17\bin;C:\Program Files\GTK3-Runtime Win64\bin;C:\Program Files (x86)\Windows Kits\10\Windows Performance Toolkit\;C:\ProgramData\chocolatey\bin;C:\Users\ASUS\AppData\Roaming\nvm;C:\Program Files\nodejs;C:\Program Files\apache-maven-3.8.8-bin\apache-maven-3.8.8\bin;C:\Program Files\MySQL\MySQL Server 8.0\bin;C:\Program Files\MySQL\MySQL Shell 8.0\bin\;C:\Users\ASUS\AppData\Local\Microsoft\WindowsApps;C:\Program Files\Azure Data Studio\bin;C:\Users\ASUS\AppData\Local\Programs\Microsoft VS Code\bin;C:\Program Files\JetBrains\PyCharm Community Edition 2021.2.3\bin;;D:\CHAKRAS\Drivers\flutter\bin;C:\Users\ASUS\AppData\Local\GitHubDesktop\bin;C:\Program Files\wkhtmltopdf\bin\wkhtmltopdf.exe;C:\ProgramData\ASUS\GitHubDesktop\bin;C:\Users\ASUS\.dotnet\tools;C:\Users\ASUS\AppData\Roaming\npm;C:\Program Files\JetBrains\DataGrip 2023.2.3\bin;;C:\Users\ASUS\AppData\Roaming\nvm;C:\Program Files\nodejs;.]
13-Jul-2024 09:11:55.048 INFO [main] org.apache.coyote.AbstractProtocol.init Initializing ProtocolHandler ["http-nio-8282"]
13-Jul-2024 09:11:55.065 INFO [main] org.apache.catalina.startup.Catalina.load Server initialization in [352] milliseconds
13-Jul-2024 09:11:55.087 INFO [main] org.apache.catalina.core.StandardService.startInternal Starting service [Catalina]
13-Jul-2024 09:11:55.087 INFO [main] org.apache.catalina.core.StandardEngine.startInternal Starting Servlet engine: [Apache Tomcat/10.1.9]
13-Jul-2024 09:11:55.114 INFO [main] org.apache.catalina.startup.HostConfig.deployDescriptor Deploying deployment descriptor [D:\LIVE PROJECTS\ITBIS\tbis_api_server\Tomcat_10.1\conf\Catalina\localhost\tbis.xml]
13-Jul-2024 09:11:55.127 WARNING [main] org.apache.catalina.startup.HostConfig.deployDescriptor The path attribute with value [/tbis] in deployment descriptor [D:\LIVE PROJECTS\ITBIS\tbis_api_server\Tomcat_10.1\conf\Catalina\localhost\tbis.xml] has been ignored
13-Jul-2024 09:11:57.829 INFO [main] org.apache.jasper.servlet.TldScanner.scanJars At least one JAR was scanned for TLDs yet contained no TLDs. Enable debug logging for this logger for a complete list of JARs that were scanned but no TLDs were found in them. Skipping unneeded JARs during scanning can improve startup time and JSP compilation time.
13-Jul-2024 09:11:59.315 INFO [main] org.apache.catalina.startup.HostConfig.deployDescriptor Deployment of deployment descriptor [D:\LIVE PROJECTS\ITBIS\tbis_api_server\Tomcat_10.1\conf\Catalina\localhost\tbis.xml] has finished in [4,201] ms
13-Jul-2024 09:11:59.315 INFO [main] org.apache.catalina.startup.HostConfig.deployDirectory Deploying web application directory [D:\LIVE PROJECTS\ITBIS\tbis_api_server\Tomcat_10.1\webapps\docs]
13-Jul-2024 09:11:59.590 INFO [main] org.apache.jasper.servlet.TldScanner.scanJars At least one JAR was scanned for TLDs yet contained no TLDs. Enable debug logging for this logger for a complete list of JARs that were scanned but no TLDs were found in them. Skipping unneeded JARs during scanning can improve startup time and JSP compilation time.
13-Jul-2024 09:11:59.593 INFO [main] org.apache.catalina.startup.HostConfig.deployDirectory Deployment of web application directory [D:\LIVE PROJECTS\ITBIS\tbis_api_server\Tomcat_10.1\webapps\docs] has finished in [277] ms
13-Jul-2024 09:11:59.593 INFO [main] org.apache.catalina.startup.HostConfig.deployDirectory Deploying web application directory [D:\LIVE PROJECTS\ITBIS\tbis_api_server\Tomcat_10.1\webapps\manager]
13-Jul-2024 09:11:59.844 INFO [main] org.apache.jasper.servlet.TldScanner.scanJars At least one JAR was scanned for TLDs yet contained no TLDs. Enable debug logging for this logger for a complete list of JARs that were scanned but no TLDs were found in them. Skipping unneeded JARs during scanning can improve startup time and JSP compilation time.
13-Jul-2024 09:11:59.850 INFO [main] org.apache.catalina.startup.HostConfig.deployDirectory Deployment of web application directory [D:\LIVE PROJECTS\ITBIS\tbis_api_server\Tomcat_10.1\webapps\manager] has finished in [257] ms
13-Jul-2024 09:11:59.850 INFO [main] org.apache.catalina.startup.HostConfig.deployDirectory Deploying web application directory [D:\LIVE PROJECTS\ITBIS\tbis_api_server\Tomcat_10.1\webapps\ROOT]
13-Jul-2024 09:12:00.070 INFO [main] org.apache.jasper.servlet.TldScanner.scanJars At least one JAR was scanned for TLDs yet contained no TLDs. Enable debug logging for this logger for a complete list of JARs that were scanned but no TLDs were found in them. Skipping unneeded JARs during scanning can improve startup time and JSP compilation time.
13-Jul-2024 09:12:00.072 INFO [main] org.apache.catalina.startup.HostConfig.deployDirectory Deployment of web application directory [D:\LIVE PROJECTS\ITBIS\tbis_api_server\Tomcat_10.1\webapps\ROOT] has finished in [222] ms
13-Jul-2024 09:12:00.077 INFO [main] org.apache.coyote.AbstractProtocol.start Starting ProtocolHandler ["http-nio-8282"]
13-Jul-2024 09:12:00.094 INFO [main] org.apache.catalina.startup.Catalina.start Server startup in [5028] milliseconds
