29-Jun-2024 11:07:34.385 INFO [Catalina-utility-1] org.apache.catalina.core.StandardContext.reload Reloading Context with name [/tbis] has started
29-Jun-2024 11:07:38.129 INFO [Catalina-utility-1] org.apache.jasper.servlet.TldScanner.scanJars At least one JAR was scanned for TLDs yet contained no TLDs. Enable debug logging for this logger for a complete list of JARs that were scanned but no TLDs were found in them. Skipping unneeded JARs during scanning can improve startup time and JSP compilation time.
29-Jun-2024 11:07:39.394 INFO [Catalina-utility-1] org.apache.catalina.core.StandardContext.reload Reloading Context with name [/tbis] is completed
29-Jun-2024 17:44:23.314 INFO [Catalina-utility-1] org.apache.catalina.core.StandardContext.reload Reloading Context with name [/tbis] has started
29-Jun-2024 17:44:27.638 INFO [Catalina-utility-1] org.apache.jasper.servlet.TldScanner.scanJars At least one JAR was scanned for TLDs yet contained no TLDs. Enable debug logging for this logger for a complete list of JARs that were scanned but no TLDs were found in them. Skipping unneeded JARs during scanning can improve startup time and JSP compilation time.
29-Jun-2024 17:44:29.719 INFO [Catalina-utility-1] org.apache.catalina.core.StandardContext.reload Reloading Context with name [/tbis] is completed
29-Jun-2024 17:46:07.712 INFO [Catalina-utility-2] org.apache.catalina.core.StandardContext.reload Reloading Context with name [/tbis] has started
29-Jun-2024 17:46:10.404 INFO [Catalina-utility-2] org.apache.jasper.servlet.TldScanner.scanJars At least one JAR was scanned for TLDs yet contained no TLDs. Enable debug logging for this logger for a complete list of JARs that were scanned but no TLDs were found in them. Skipping unneeded JARs during scanning can improve startup time and JSP compilation time.
29-Jun-2024 17:46:11.551 INFO [Catalina-utility-2] org.apache.catalina.core.StandardContext.reload Reloading Context with name [/tbis] is completed
29-Jun-2024 17:55:39.258 INFO [Catalina-utility-1] org.apache.catalina.core.StandardContext.reload Reloading Context with name [/tbis] has started
29-Jun-2024 17:55:42.410 INFO [Catalina-utility-1] org.apache.jasper.servlet.TldScanner.scanJars At least one JAR was scanned for TLDs yet contained no TLDs. Enable debug logging for this logger for a complete list of JARs that were scanned but no TLDs were found in them. Skipping unneeded JARs during scanning can improve startup time and JSP compilation time.
29-Jun-2024 17:55:43.531 INFO [Catalina-utility-1] org.apache.catalina.core.StandardContext.reload Reloading Context with name [/tbis] is completed
29-Jun-2024 18:21:56.420 INFO [Catalina-utility-2] org.apache.catalina.loader.WebappClassLoaderBase.modified One or more JARs have been modified in the web application [/tbis]
29-Jun-2024 18:21:56.453 INFO [Catalina-utility-2] org.apache.catalina.core.StandardContext.reload Reloading Context with name [/tbis] has started
29-Jun-2024 18:22:00.048 INFO [Catalina-utility-2] org.apache.jasper.servlet.TldScanner.scanJars At least one JAR was scanned for TLDs yet contained no TLDs. Enable debug logging for this logger for a complete list of JARs that were scanned but no TLDs were found in them. Skipping unneeded JARs during scanning can improve startup time and JSP compilation time.
29-Jun-2024 18:22:01.461 INFO [Catalina-utility-2] org.apache.catalina.core.StandardContext.reload Reloading Context with name [/tbis] is completed
29-Jun-2024 18:35:19.618 INFO [main] org.apache.catalina.startup.VersionLoggerListener.log Server version name:   Apache Tomcat/10.1.9
29-Jun-2024 18:35:19.623 INFO [main] org.apache.catalina.startup.VersionLoggerListener.log Server built:          May 9 2023 14:30:05 UTC
29-Jun-2024 18:35:19.623 INFO [main] org.apache.catalina.startup.VersionLoggerListener.log Server version number: 10.1.9.0
29-Jun-2024 18:35:19.623 INFO [main] org.apache.catalina.startup.VersionLoggerListener.log OS Name:               Windows 10
29-Jun-2024 18:35:19.623 INFO [main] org.apache.catalina.startup.VersionLoggerListener.log OS Version:            10.0
29-Jun-2024 18:35:19.623 INFO [main] org.apache.catalina.startup.VersionLoggerListener.log Architecture:          amd64
29-Jun-2024 18:35:19.624 INFO [main] org.apache.catalina.startup.VersionLoggerListener.log Java Home:             C:\Program Files\Java\jdk-17
29-Jun-2024 18:35:19.624 INFO [main] org.apache.catalina.startup.VersionLoggerListener.log JVM Version:           17.0.9+11-LTS-201
29-Jun-2024 18:35:19.624 INFO [main] org.apache.catalina.startup.VersionLoggerListener.log JVM Vendor:            Oracle Corporation
29-Jun-2024 18:35:19.624 INFO [main] org.apache.catalina.startup.VersionLoggerListener.log CATALINA_BASE:         D:\LIVE PROJECTS\ITBIS\tbis_api_server\Tomcat_10.1
29-Jun-2024 18:35:19.624 INFO [main] org.apache.catalina.startup.VersionLoggerListener.log CATALINA_HOME:         D:\LIVE PROJECTS\ITBIS\tbis_api_server\Tomcat_10.1
29-Jun-2024 18:35:19.642 INFO [main] org.apache.catalina.startup.VersionLoggerListener.log Command line argument: -Djava.util.logging.config.file=D:\LIVE PROJECTS\ITBIS\tbis_api_server\Tomcat_10.1\conf\logging.properties
29-Jun-2024 18:35:19.643 INFO [main] org.apache.catalina.startup.VersionLoggerListener.log Command line argument: -Djava.util.logging.manager=org.apache.juli.ClassLoaderLogManager
29-Jun-2024 18:35:19.643 INFO [main] org.apache.catalina.startup.VersionLoggerListener.log Command line argument: -Djdk.tls.ephemeralDHKeySize=2048
29-Jun-2024 18:35:19.643 INFO [main] org.apache.catalina.startup.VersionLoggerListener.log Command line argument: -Djava.protocol.handler.pkgs=org.apache.catalina.webresources
29-Jun-2024 18:35:19.643 INFO [main] org.apache.catalina.startup.VersionLoggerListener.log Command line argument: --add-opens=java.base/java.lang=ALL-UNNAMED
29-Jun-2024 18:35:19.643 INFO [main] org.apache.catalina.startup.VersionLoggerListener.log Command line argument: --add-opens=java.base/java.io=ALL-UNNAMED
29-Jun-2024 18:35:19.643 INFO [main] org.apache.catalina.startup.VersionLoggerListener.log Command line argument: --add-opens=java.base/java.util=ALL-UNNAMED
29-Jun-2024 18:35:19.643 INFO [main] org.apache.catalina.startup.VersionLoggerListener.log Command line argument: --add-opens=java.base/java.util.concurrent=ALL-UNNAMED
29-Jun-2024 18:35:19.643 INFO [main] org.apache.catalina.startup.VersionLoggerListener.log Command line argument: --add-opens=java.rmi/sun.rmi.transport=ALL-UNNAMED
29-Jun-2024 18:35:19.644 INFO [main] org.apache.catalina.startup.VersionLoggerListener.log Command line argument: -Dcatalina.base=D:\LIVE PROJECTS\ITBIS\tbis_api_server\Tomcat_10.1
29-Jun-2024 18:35:19.644 INFO [main] org.apache.catalina.startup.VersionLoggerListener.log Command line argument: -Dcatalina.home=D:\LIVE PROJECTS\ITBIS\tbis_api_server\Tomcat_10.1
29-Jun-2024 18:35:19.644 INFO [main] org.apache.catalina.startup.VersionLoggerListener.log Command line argument: -Djava.io.tmpdir=D:\LIVE PROJECTS\ITBIS\tbis_api_server\Tomcat_10.1\temp
29-Jun-2024 18:35:19.683 INFO [main] org.apache.catalina.core.AprLifecycleListener.lifecycleEvent The Apache Tomcat Native library which allows using OpenSSL was not found on the java.library.path: [C:\Program Files\Java\jdk-17\bin;C:\Windows\Sun\Java\bin;C:\Windows\system32;C:\Windows;C:\Program Files\Common Files\Oracle\Java\javapath;C:\Python312\Scripts\;C:\Python312\;C:\Program Files\Microsoft\jdk-11.0.16.101-hotspot\bin;C:\Windows\System32\WindowsPowerShell\v1.0\;C:\Program Files\Python\Python37\Scripts\;C:\Program Files\Python\Python37\;C:\Users\ASUS\Scripts\;C:\Users\ASUS\;C:\Program Files\Microsoft MPI\Bin\;C:\Windows\system32;C:\Windows;C:\Windows\System32\Wbem;C:\Windows\System32\OpenSSH\;C:\Program Files\Microsoft SQL Server\130\Tools\Binn\;C:\Program Files\Microsoft SQL Server\Client SDK\ODBC\170\Tools\Binn\;C:\Program Files (x86)\Microsoft SQL Server\150\Tools\Binn\;C:\Program Files\Microsoft SQL Server\150\Tools\Binn\;C:\Program Files (x86)\Microsoft SQL Server\150\DTS\Binn\;C:\Program Files\Microsoft SQL Server\150\DTS\Binn\;C:\Users\ASUS\Lib\site-packages\pip;C:\Program Files\dotnet\;C:\Program Files\Git\cmd;C:\Program Files\gettext-iconv\bin;C:\Program Files\PuTTY\;C:\Program Files\Java\jdk-17\bin;C:\Program Files\GTK3-Runtime Win64\bin;C:\Program Files (x86)\Windows Kits\10\Windows Performance Toolkit\;C:\ProgramData\chocolatey\bin;C:\Users\ASUS\AppData\Roaming\nvm;C:\Program Files\nodejs;C:\Program Files\apache-maven-3.8.8-bin\apache-maven-3.8.8\bin;C:\Program Files\MySQL\MySQL Shell 8.0\bin\;C:\Users\ASUS\AppData\Local\Microsoft\WindowsApps;C:\Program Files\Azure Data Studio\bin;C:\Users\ASUS\AppData\Local\Programs\Microsoft VS Code\bin;C:\Program Files\JetBrains\PyCharm Community Edition 2021.2.3\bin;;D:\CHAKRAS\Drivers\flutter\bin;C:\Users\ASUS\AppData\Local\GitHubDesktop\bin;C:\Program Files\wkhtmltopdf\bin\wkhtmltopdf.exe;C:\ProgramData\ASUS\GitHubDesktop\bin;C:\Users\ASUS\.dotnet\tools;C:\Users\ASUS\AppData\Roaming\npm;C:\Program Files\JetBrains\DataGrip 2023.2.3\bin;;C:\Users\ASUS\AppData\Roaming\nvm;C:\Program Files\nodejs;.]
29-Jun-2024 18:35:19.909 INFO [main] org.apache.coyote.AbstractProtocol.init Initializing ProtocolHandler ["http-nio-8282"]
29-Jun-2024 18:35:19.935 INFO [main] org.apache.catalina.startup.Catalina.load Server initialization in [520] milliseconds
29-Jun-2024 18:35:19.984 INFO [main] org.apache.catalina.core.StandardService.startInternal Starting service [Catalina]
29-Jun-2024 18:35:19.984 INFO [main] org.apache.catalina.core.StandardEngine.startInternal Starting Servlet engine: [Apache Tomcat/10.1.9]
29-Jun-2024 18:35:20.011 INFO [main] org.apache.catalina.startup.HostConfig.deployDescriptor Deploying deployment descriptor [D:\LIVE PROJECTS\ITBIS\tbis_api_server\Tomcat_10.1\conf\Catalina\localhost\tbis.xml]
29-Jun-2024 18:35:20.024 WARNING [main] org.apache.catalina.startup.HostConfig.deployDescriptor The path attribute with value [/tbis] in deployment descriptor [D:\LIVE PROJECTS\ITBIS\tbis_api_server\Tomcat_10.1\conf\Catalina\localhost\tbis.xml] has been ignored
29-Jun-2024 18:35:23.320 INFO [main] org.apache.jasper.servlet.TldScanner.scanJars At least one JAR was scanned for TLDs yet contained no TLDs. Enable debug logging for this logger for a complete list of JARs that were scanned but no TLDs were found in them. Skipping unneeded JARs during scanning can improve startup time and JSP compilation time.
29-Jun-2024 18:35:24.872 INFO [main] org.apache.catalina.startup.HostConfig.deployDescriptor Deployment of deployment descriptor [D:\LIVE PROJECTS\ITBIS\tbis_api_server\Tomcat_10.1\conf\Catalina\localhost\tbis.xml] has finished in [4,860] ms
29-Jun-2024 18:35:24.872 INFO [main] org.apache.catalina.startup.HostConfig.deployDirectory Deploying web application directory [D:\LIVE PROJECTS\ITBIS\tbis_api_server\Tomcat_10.1\webapps\docs]
29-Jun-2024 18:35:25.132 INFO [main] org.apache.jasper.servlet.TldScanner.scanJars At least one JAR was scanned for TLDs yet contained no TLDs. Enable debug logging for this logger for a complete list of JARs that were scanned but no TLDs were found in them. Skipping unneeded JARs during scanning can improve startup time and JSP compilation time.
29-Jun-2024 18:35:25.135 INFO [main] org.apache.catalina.startup.HostConfig.deployDirectory Deployment of web application directory [D:\LIVE PROJECTS\ITBIS\tbis_api_server\Tomcat_10.1\webapps\docs] has finished in [262] ms
29-Jun-2024 18:35:25.135 INFO [main] org.apache.catalina.startup.HostConfig.deployDirectory Deploying web application directory [D:\LIVE PROJECTS\ITBIS\tbis_api_server\Tomcat_10.1\webapps\manager]
29-Jun-2024 18:35:25.379 INFO [main] org.apache.jasper.servlet.TldScanner.scanJars At least one JAR was scanned for TLDs yet contained no TLDs. Enable debug logging for this logger for a complete list of JARs that were scanned but no TLDs were found in them. Skipping unneeded JARs during scanning can improve startup time and JSP compilation time.
29-Jun-2024 18:35:25.384 INFO [main] org.apache.catalina.startup.HostConfig.deployDirectory Deployment of web application directory [D:\LIVE PROJECTS\ITBIS\tbis_api_server\Tomcat_10.1\webapps\manager] has finished in [249] ms
29-Jun-2024 18:35:25.384 INFO [main] org.apache.catalina.startup.HostConfig.deployDirectory Deploying web application directory [D:\LIVE PROJECTS\ITBIS\tbis_api_server\Tomcat_10.1\webapps\ROOT]
29-Jun-2024 18:35:25.603 INFO [main] org.apache.jasper.servlet.TldScanner.scanJars At least one JAR was scanned for TLDs yet contained no TLDs. Enable debug logging for this logger for a complete list of JARs that were scanned but no TLDs were found in them. Skipping unneeded JARs during scanning can improve startup time and JSP compilation time.
29-Jun-2024 18:35:25.605 INFO [main] org.apache.catalina.startup.HostConfig.deployDirectory Deployment of web application directory [D:\LIVE PROJECTS\ITBIS\tbis_api_server\Tomcat_10.1\webapps\ROOT] has finished in [221] ms
29-Jun-2024 18:35:25.608 INFO [main] org.apache.coyote.AbstractProtocol.start Starting ProtocolHandler ["http-nio-8282"]
29-Jun-2024 18:35:25.630 INFO [main] org.apache.catalina.startup.Catalina.start Server startup in [5695] milliseconds
29-Jun-2024 18:38:41.984 INFO [Catalina-utility-2] org.apache.catalina.core.StandardContext.reload Reloading Context with name [/tbis] has started
29-Jun-2024 18:40:04.051 INFO [Catalina-utility-2] org.apache.catalina.core.StandardWrapper.unload Waiting for [6] instance(s) to be deallocated for Servlet [BasicServices]
29-Jun-2024 18:40:06.448 INFO [Catalina-utility-2] org.apache.jasper.servlet.TldScanner.scanJars At least one JAR was scanned for TLDs yet contained no TLDs. Enable debug logging for this logger for a complete list of JARs that were scanned but no TLDs were found in them. Skipping unneeded JARs during scanning can improve startup time and JSP compilation time.
29-Jun-2024 18:40:07.636 INFO [Catalina-utility-2] org.apache.catalina.core.StandardContext.reload Reloading Context with name [/tbis] is completed
29-Jun-2024 18:41:45.396 INFO [Catalina-utility-1] org.apache.catalina.core.StandardContext.reload Reloading Context with name [/tbis] has started
29-Jun-2024 18:41:47.585 INFO [Catalina-utility-1] org.apache.jasper.servlet.TldScanner.scanJars At least one JAR was scanned for TLDs yet contained no TLDs. Enable debug logging for this logger for a complete list of JARs that were scanned but no TLDs were found in them. Skipping unneeded JARs during scanning can improve startup time and JSP compilation time.
29-Jun-2024 18:41:48.762 INFO [Catalina-utility-1] org.apache.catalina.core.StandardContext.reload Reloading Context with name [/tbis] is completed
