                            SUZUKI MOTOR GUJARAT PRIVATE LIMITED
--------------------------------------------------------------------------------------------
                            DATE:2/5/2024 10:02 AM
--------------------------------------------------------------------------------------------
VCODE    SLY DATE     TIME    ICODE            QTY  UN LOC   US LOC    KANBAN NO
--------------------------------------------------------------------------------------------
K331     06-FEB-2024  06:29  27521M83M20       448    PT-01   TP1     06P406696775TP1
K331     06-FEB-2024  06:30  27521M83M20       112    PT-01   TP7     06P406701809TP7
K331     06-FEB-2024  06:30  27521M83M20       336    PT-04   TP8     06P406706436TP8
K331     06-FEB-2024  09:45  27521M83M20       336    PT-01   TP1     06P406696783TP1
K331     06-FEB-2024  09:45  27521M83M20       56     PT-01   TP7     06P406701817TP7
K331     06-FEB-2024  09:45  27521M83M20       336    PT-04   TP8     06P406706444TP8
K331     06-FEB-2024  13:45  27521M83M20       392    PT-01   TP7     05P406257836TP7
K331     06-FEB-2024  13:45  27521M83M20       336    PT-01   TP1     06P406696791TP1
K331     06-FEB-2024  13:45  27521M83M20       112    PT-01   TP7     06P406701825TP7
K331     06-FEB-2024  13:45  27521M83M20       336    PT-04   TP8     06P406706452TP8
K331     06-FEB-2024  17:45  27521M83M20       448    PT-01   TP1     06P406696805TP1
K331     06-FEB-2024  17:45  27521M83M20       56     PT-01   TP7     06P406701833TP7
K331     06-FEB-2024  17:45  27521M83M20       392    PT-04   TP8     06P406706460TP8
K331     06-FEB-2024  06:30  43402M68P03       96     BA-20   AB2     06P406563970AB2
K331     06-FEB-2024  07:29  43402M68P03       402    AA-21   AA3     06P406526543AA3
K331     06-FEB-2024  07:29  43402M68P03       216    CA-21   AC3     06P406534910AC3
K331     06-FEB-2024  07:29  43402M68P03       318    BA-20   AB1     06P406540490AB1
K331     06-FEB-2024  07:29  43402M68P03       138    CA-21   AC1     06P406667473AC1
K331     06-FEB-2024  07:30  43402M68P03       54     BA-20   AB4     06P406543413AB4
K331     06-FEB-2024  09:45  43402M68P03       180    CA-21   AC3     06P406534929AC3
K331     06-FEB-2024  09:45  43402M68P03       120    CA-21   AC1     06P406667481AC1
K331     06-FEB-2024  10:45  43402M68P03       540    AA-21   AA3     06P406526551AA3
K331     06-FEB-2024  10:45  43402M68P03       78     BA-20   AB2     06P406563988AB2
K331     06-FEB-2024  11:45  43402M68P03       288    BA-20   AB1     06P406540503AB1
K331     06-FEB-2024  11:45  43402M68P03       48     BA-20   AB4     06P406543421AB4
K331     06-FEB-2024  12:45  43402M68P03       180    CA-21   AC3     06P406534937AC3
K331     06-FEB-2024  12:45  43402M68P03       114    CA-21   AC1     06P406667490AC1
K331     06-FEB-2024  15:45  43402M68P03       432    AA-21   AA3     06P406526560AA3
K331     06-FEB-2024  15:45  43402M68P03       180    CA-21   AC3     06P406534945AC3
K331     06-FEB-2024  15:45  43402M68P03       654    BA-20   AB1     06P406540511AB1
K331     06-FEB-2024  15:45  43402M68P03       60     BA-20   AB2     06P406563996AB2
K331     06-FEB-2024  15:45  43402M68P03       120    CA-21   AC1     06P406667503AC1
K331     06-FEB-2024  17:45  43402M68P03       96     BA-20   AB4     06P406543430AB4
K331     06-FEB-2024  18:45  43402M68P03       180    CA-21   AC3     06P406534953AC3
K331     06-FEB-2024  18:45  43402M68P03       114    CA-21   AC1     06P406667511AC1
K331     06-FEB-2024  19:45  43402M68P03       558    AA-21   AA3     06P406526578AA3
K331     06-FEB-2024  19:45  43402M68P03       72     BA-20   AB2     06P406564003AB2
K331     06-FEB-2024  21:45  43402M68P03       102    CA-21   AC3     06P406534961AC3
K331     06-FEB-2024  21:45  43402M68P03       84     CA-21   AC1     06P406667520AC1
