                            SUZUKI MOTOR GUJARAT PRIVATE LIMITED
--------------------------------------------------------------------------------------------
                            DATE:4/4/2024 7:22 PM
--------------------------------------------------------------------------------------------
VCODE    SLY DATE     TIME    ICODE            QTY  UN LOC   US LOC    KANBAN NO
--------------------------------------------------------------------------------------------
K331     03-APR-2024  06:29  27521M83M20       168    PT-01   TP1     03R430288894TP1
K331     03-APR-2024  06:30  27521M83M20       336    PT-01   TP7     03R430302862TP7
K331     03-APR-2024  06:30  27521M83M20       336    PT-04   TP8     03R430317401TP8
K331     03-APR-2024  09:45  27521M83M20       168    PT-01   TP1     03R430288908TP1
K331     03-APR-2024  09:45  27521M83M20       336    PT-01   TP7     03R430302870TP7
K331     03-APR-2024  09:45  27521M83M20       336    PT-04   TP8     03R430317410TP8
K331     03-APR-2024  13:45  27521M83M20       168    PT-01   TP1     03R430288916TP1
K331     03-APR-2024  13:45  27521M83M20       336    PT-01   TP7     03R430302889TP7
K331     03-APR-2024  13:45  27521M83M20       336    PT-04   TP8     03R430317428TP8
K331     03-APR-2024  17:45  27521M83M20       112    PT-01   TP1     03R430288924TP1
K331     03-APR-2024  17:45  27521M83M20       336    PT-01   TP7     03R430302897TP7
K331     03-APR-2024  17:45  27521M83M20       280    PT-04   TP8     03R430317436TP8
K331     03-APR-2024  06:29  43402M68P03       330    BA-20   AB1     02R429835356AB1
K331     03-APR-2024  06:29  43402M68P03       36     BA-20   AB1     03R430290210AB1
K331     03-APR-2024  06:30  43402M68P03       30     BA-20   AB1     03R430290201AB1
K331     03-APR-2024  06:30  43402M68P03       150    BA-20   AB2     03R430338956AB2
K331     03-APR-2024  07:29  43402M68P03       366    AA-21   AA3     03R430244102AA3
K331     03-APR-2024  07:29  43402M68P03       198    CA-21   AC3     03R430366631AC3
K331     03-APR-2024  07:29  43402M68P03       48     CA-21   AC1     03R430373271AC1
K331     03-APR-2024  08:30  43402M68P03       30     BA-20   AB1     03R430290228AB1
K331     03-APR-2024  09:45  43402M68P03       174    BA-20   AB2     03R430338964AB2
K331     03-APR-2024  09:45  43402M68P03       294    CA-21   AC3     03R430366640AC3
K331     03-APR-2024  09:45  43402M68P03       48     CA-21   AC1     03R430373280AC1
K331     03-APR-2024  10:45  43402M68P03       552    AA-21   AA3     03R430244110AA3
K331     03-APR-2024  10:45  43402M68P03       6      BA-20   AB1     03R430290236AB1
K331     03-APR-2024  12:45  43402M68P03       270    CA-21   AC3     03R430366658AC3
K331     03-APR-2024  12:45  43402M68P03       42     CA-21   AC1     03R430373298AC1
K331     03-APR-2024  13:45  43402M68P03       132    BA-20   AB2     03R430338972AB2
K331     03-APR-2024  15:45  43402M68P03       438    AA-21   AA3     03R430244129AA3
K331     03-APR-2024  15:45  43402M68P03       66     BA-20   AB2     03R430338980AB2
K331     03-APR-2024  15:45  43402M68P03       270    CA-21   AC3     03R430366666AC3
K331     03-APR-2024  15:45  43402M68P03       36     CA-21   AC1     03R430373301AC1
K331     03-APR-2024  18:45  43402M68P03       270    CA-21   AC3     03R430366674AC3
K331     03-APR-2024  18:45  43402M68P03       42     CA-21   AC1     03R430373310AC1
K331     03-APR-2024  19:45  43402M68P03       594    AA-21   AA3     03R430244137AA3
K331     03-APR-2024  21:45  43402M68P03       294    CA-21   AC3     03R430366682AC3
K331     03-APR-2024  21:45  43402M68P03       78     CA-21   AC1     03R430373328AC1
